2025-05-04 23:54:12.868 +03:30 [INF] User profile is available. Using 'C:\Users\Zagros\AppData\Local\ASP.NET\DataProtection-Keys' as key repository and Windows DPAPI to encrypt keys at rest.
2025-05-04 23:54:13.478 +03:30 [WRN] The ASP.NET Core developer certificate is not trusted. For information about trusting the ASP.NET Core developer certificate, see https://aka.ms/aspnet/https-trust-dev-cert.
2025-05-04 23:54:13.636 +03:30 [INF] Now listening on: https://localhost:7023
2025-05-04 23:54:13.649 +03:30 [INF] Now listening on: http://localhost:5212
2025-05-04 23:54:13.746 +03:30 [INF] Application started. Press Ctrl+C to shut down.
2025-05-04 23:54:13.751 +03:30 [INF] Hosting environment: Development
2025-05-04 23:54:13.753 +03:30 [INF] Content root path: C:\Users\Zagros\Desktop\Final Project\AnimalIdentifier\AnimalIdentifier\AnimalIdentifier.WebUI
2025-05-04 23:54:20.894 +03:30 [INF] Request starting HTTP/2 GET https://localhost:7023/ - null null
2025-05-04 23:54:21.891 +03:30 [INF] Authorization failed. These requirements were not met:
DenyAnonymousAuthorizationRequirement: Requires an authenticated user.
2025-05-04 23:54:24.528 +03:30 [INF] AuthenticationScheme: OpenIdConnect was challenged.
2025-05-04 23:54:24.640 +03:30 [INF] Request finished HTTP/2 GET https://localhost:7023/ - 302 0 null 3790.2068ms
2025-05-04 23:54:31.315 +03:30 [INF] Request starting HTTP/2 GET https://localhost:7023/ - null null
2025-05-04 23:54:31.410 +03:30 [INF] Authorization failed. These requirements were not met:
DenyAnonymousAuthorizationRequirement: Requires an authenticated user.
2025-05-04 23:54:31.514 +03:30 [INF] AuthenticationScheme: OpenIdConnect was challenged.
2025-05-04 23:54:31.896 +03:30 [INF] Request finished HTTP/2 GET https://localhost:7023/ - 302 0 null 579.8285ms
2025-05-04 23:54:38.300 +03:30 [INF] Request starting HTTP/2 POST https://localhost:7023/signin-oidc - application/x-www-form-urlencoded 620
2025-05-04 23:54:40.117 +03:30 [INF] AuthenticationScheme: Cookies signed in.
2025-05-04 23:54:40.120 +03:30 [INF] Request finished HTTP/2 POST https://localhost:7023/signin-oidc - 302 0 null 1820.0262ms
2025-05-04 23:54:40.144 +03:30 [INF] Request starting HTTP/2 GET https://localhost:7023/ - null null
2025-05-04 23:54:40.172 +03:30 [INF] Executing endpoint 'AnimalIdentifier.WebUI.Controllers.HomeController.Index (AnimalIdentifier.WebUI)'
2025-05-04 23:54:40.242 +03:30 [INF] Route matched with {action = "Index", controller = "Home"}. Executing controller action with signature System.Threading.Tasks.Task`1[Microsoft.AspNetCore.Mvc.IActionResult] Index() on controller AnimalIdentifier.WebUI.Controllers.HomeController (AnimalIdentifier.WebUI).
2025-05-04 23:54:44.239 +03:30 [INF] Executing ViewResult, running view Index.
2025-05-04 23:54:44.448 +03:30 [INF] Executed ViewResult - view Index executed in 206.7536ms.
2025-05-04 23:54:44.453 +03:30 [INF] Request starting HTTP/2 GET https://localhost:7023/lib/bootstrap/dist/css/bootstrap.min.css - null null
2025-05-04 23:54:44.509 +03:30 [INF] Request starting HTTP/2 GET https://localhost:7023/css/site.css?v=pAGv4ietcJNk_EwsQZ5BN9-K4MuNYS2a9wl4Jw-q9D0 - null null
2025-05-04 23:54:44.509 +03:30 [INF] Request starting HTTP/2 GET https://localhost:7023/AnimalIdentifier.WebUI.styles.css?v=HobThfNjAoyrNYU0dYHyu4WfvzD0ayVzXEfBL3syWK8 - null null
2025-05-04 23:54:44.514 +03:30 [INF] Request starting HTTP/2 GET https://localhost:7023/lib/jquery/dist/jquery.min.js - null null
2025-05-04 23:54:44.515 +03:30 [INF] Request starting HTTP/2 GET https://localhost:7023/lib/bootstrap/dist/js/bootstrap.bundle.min.js - null null
2025-05-04 23:54:44.516 +03:30 [INF] Request starting HTTP/2 GET https://localhost:7023/Sweetalert2/sweetalert2.min.css - null null
2025-05-04 23:54:44.516 +03:30 [INF] Request starting HTTP/2 GET https://localhost:7023/js/site.js?v=hRQyftXiu1lLX2P9Ly9xa4gHJgLeR1uGN5qegUobtGo - null null
2025-05-04 23:54:44.549 +03:30 [INF] Request starting HTTP/2 GET https://localhost:7023/Sweetalert2/sweetalert2.min.js - null null
2025-05-04 23:54:44.552 +03:30 [INF] Executed action AnimalIdentifier.WebUI.Controllers.HomeController.Index (AnimalIdentifier.WebUI) in 4303.8403ms
2025-05-04 23:54:44.571 +03:30 [INF] Sending file. Request path: '/css/site.css'. Physical path: 'C:\Users\Zagros\Desktop\Final Project\AnimalIdentifier\AnimalIdentifier\AnimalIdentifier.WebUI\wwwroot\css\site.css'
2025-05-04 23:54:44.588 +03:30 [INF] Sending file. Request path: '/AnimalIdentifier.WebUI.styles.css'. Physical path: 'C:\Users\Zagros\Desktop\Final Project\AnimalIdentifier\AnimalIdentifier\AnimalIdentifier.WebUI\obj\Debug\net8.0\scopedcss\bundle\AnimalIdentifier.WebUI.styles.css'
2025-05-04 23:54:44.641 +03:30 [INF] Request finished HTTP/2 GET https://localhost:7023/AnimalIdentifier.WebUI.styles.css?v=HobThfNjAoyrNYU0dYHyu4WfvzD0ayVzXEfBL3syWK8 - 200 1140 text/css 131.1794ms
2025-05-04 23:54:44.634 +03:30 [INF] Executed endpoint 'AnimalIdentifier.WebUI.Controllers.HomeController.Index (AnimalIdentifier.WebUI)'
2025-05-04 23:54:44.636 +03:30 [INF] Request finished HTTP/2 GET https://localhost:7023/css/site.css?v=pAGv4ietcJNk_EwsQZ5BN9-K4MuNYS2a9wl4Jw-q9D0 - 200 362 text/css 127.1495ms
2025-05-04 23:54:44.589 +03:30 [INF] Request starting HTTP/2 GET https://localhost:7023/_framework/aspnetcore-browser-refresh.js - null null
2025-05-04 23:54:44.656 +03:30 [INF] Request finished HTTP/2 GET https://localhost:7023/ - 200 null text/html; charset=utf-8 4512.1986ms
2025-05-04 23:54:44.660 +03:30 [INF] Sending file. Request path: '/js/site.js'. Physical path: 'C:\Users\Zagros\Desktop\Final Project\AnimalIdentifier\AnimalIdentifier\AnimalIdentifier.WebUI\wwwroot\js\site.js'
2025-05-04 23:54:44.689 +03:30 [INF] Sending file. Request path: '/Sweetalert2/sweetalert2.min.css'. Physical path: 'C:\Users\Zagros\Desktop\Final Project\AnimalIdentifier\AnimalIdentifier\AnimalIdentifier.WebUI\wwwroot\Sweetalert2\sweetalert2.min.css'
2025-05-04 23:54:44.700 +03:30 [INF] Request finished HTTP/2 GET https://localhost:7023/js/site.js?v=hRQyftXiu1lLX2P9Ly9xa4gHJgLeR1uGN5qegUobtGo - 200 231 text/javascript 183.4467ms
2025-05-04 23:54:44.703 +03:30 [INF] Request finished HTTP/2 GET https://localhost:7023/Sweetalert2/sweetalert2.min.css - 200 29195 text/css 186.8896ms
2025-05-04 23:54:44.704 +03:30 [INF] Request finished HTTP/2 GET https://localhost:7023/_framework/aspnetcore-browser-refresh.js - 200 16529 application/javascript; charset=utf-8 114.6283ms
2025-05-04 23:54:44.711 +03:30 [INF] Sending file. Request path: '/Sweetalert2/sweetalert2.min.js'. Physical path: 'C:\Users\Zagros\Desktop\Final Project\AnimalIdentifier\AnimalIdentifier\AnimalIdentifier.WebUI\wwwroot\Sweetalert2\sweetalert2.min.js'
2025-05-04 23:54:44.719 +03:30 [INF] Sending file. Request path: '/lib/bootstrap/dist/js/bootstrap.bundle.min.js'. Physical path: 'C:\Users\Zagros\Desktop\Final Project\AnimalIdentifier\AnimalIdentifier\AnimalIdentifier.WebUI\wwwroot\lib\bootstrap\dist\js\bootstrap.bundle.min.js'
2025-05-04 23:54:44.728 +03:30 [INF] Sending file. Request path: '/lib/jquery/dist/jquery.min.js'. Physical path: 'C:\Users\Zagros\Desktop\Final Project\AnimalIdentifier\AnimalIdentifier\AnimalIdentifier.WebUI\wwwroot\lib\jquery\dist\jquery.min.js'
2025-05-04 23:54:44.732 +03:30 [INF] Request finished HTTP/2 GET https://localhost:7023/Sweetalert2/sweetalert2.min.js - 200 39981 text/javascript 183.5709ms
2025-05-04 23:54:44.736 +03:30 [INF] Request finished HTTP/2 GET https://localhost:7023/lib/bootstrap/dist/js/bootstrap.bundle.min.js - 200 78468 text/javascript 220.7503ms
2025-05-04 23:54:44.741 +03:30 [INF] Request finished HTTP/2 GET https://localhost:7023/lib/jquery/dist/jquery.min.js - 200 89501 text/javascript 226.5532ms
2025-05-04 23:54:44.759 +03:30 [INF] Request starting HTTP/2 GET https://localhost:7023/_vs/browserLink - null null
2025-05-04 23:54:44.759 +03:30 [INF] Sending file. Request path: '/lib/bootstrap/dist/css/bootstrap.min.css'. Physical path: 'C:\Users\Zagros\Desktop\Final Project\AnimalIdentifier\AnimalIdentifier\AnimalIdentifier.WebUI\wwwroot\lib\bootstrap\dist\css\bootstrap.min.css'
2025-05-04 23:54:44.776 +03:30 [INF] Request finished HTTP/2 GET https://localhost:7023/lib/bootstrap/dist/css/bootstrap.min.css - 200 162720 text/css 322.5804ms
2025-05-04 23:54:44.878 +03:30 [INF] Request finished HTTP/2 GET https://localhost:7023/_vs/browserLink - 200 null text/javascript; charset=UTF-8 119.4449ms
2025-05-04 23:54:45.398 +03:30 [INF] Request starting HTTP/2 GET https://localhost:7023/favicon.ico - null null
2025-05-04 23:54:45.634 +03:30 [INF] Sending file. Request path: '/favicon.ico'. Physical path: 'C:\Users\Zagros\Desktop\Final Project\AnimalIdentifier\AnimalIdentifier\AnimalIdentifier.WebUI\wwwroot\favicon.ico'
2025-05-04 23:54:45.640 +03:30 [INF] Request finished HTTP/2 GET https://localhost:7023/favicon.ico - 200 5430 image/x-icon 241.9588ms
2025-05-04 23:54:51.439 +03:30 [INF] Request starting HTTP/2 POST https://localhost:7023/Home/GetById - application/json 10
2025-05-04 23:54:51.521 +03:30 [INF] Executing endpoint 'AnimalIdentifier.WebUI.Controllers.HomeController.GetById (AnimalIdentifier.WebUI)'
2025-05-04 23:54:51.577 +03:30 [INF] Route matched with {action = "GetById", controller = "Home"}. Executing controller action with signature System.Threading.Tasks.Task`1[Microsoft.AspNetCore.Mvc.IActionResult] GetById(AnimalIdentifier.Application.Animals.ViewModels.DisplayAnimalDto) on controller AnimalIdentifier.WebUI.Controllers.HomeController (AnimalIdentifier.WebUI).
2025-05-04 23:54:53.209 +03:30 [INF] Executing JsonResult, writing value of type '<>f__AnonymousType1`2[[System.Boolean, System.Private.CoreLib, Version=8.0.0.0, Culture=neutral, PublicKeyToken=7cec85d7bea7798e],[System.String, System.Private.CoreLib, Version=8.0.0.0, Culture=neutral, PublicKeyToken=7cec85d7bea7798e]]'.
2025-05-04 23:54:53.274 +03:30 [INF] Executed action AnimalIdentifier.WebUI.Controllers.HomeController.GetById (AnimalIdentifier.WebUI) in 1682.5962ms
2025-05-04 23:54:53.289 +03:30 [INF] Executed endpoint 'AnimalIdentifier.WebUI.Controllers.HomeController.GetById (AnimalIdentifier.WebUI)'
2025-05-04 23:54:53.299 +03:30 [INF] Request finished HTTP/2 POST https://localhost:7023/Home/GetById - 200 null application/json; charset=utf-8 1859.8795ms
2025-05-04 23:55:49.832 +03:30 [INF] Request starting HTTP/2 POST https://localhost:7023/Home/GetById - application/json 11
2025-05-04 23:55:49.969 +03:30 [INF] Executing endpoint 'AnimalIdentifier.WebUI.Controllers.HomeController.GetById (AnimalIdentifier.WebUI)'
2025-05-04 23:55:49.975 +03:30 [INF] Route matched with {action = "GetById", controller = "Home"}. Executing controller action with signature System.Threading.Tasks.Task`1[Microsoft.AspNetCore.Mvc.IActionResult] GetById(AnimalIdentifier.Application.Animals.ViewModels.DisplayAnimalDto) on controller AnimalIdentifier.WebUI.Controllers.HomeController (AnimalIdentifier.WebUI).
2025-05-04 23:55:50.310 +03:30 [INF] Executing JsonResult, writing value of type '<>f__AnonymousType0`3[[System.Boolean, System.Private.CoreLib, Version=8.0.0.0, Culture=neutral, PublicKeyToken=7cec85d7bea7798e],[System.String, System.Private.CoreLib, Version=8.0.0.0, Culture=neutral, PublicKeyToken=7cec85d7bea7798e],[System.String, System.Private.CoreLib, Version=8.0.0.0, Culture=neutral, PublicKeyToken=7cec85d7bea7798e]]'.
2025-05-04 23:55:50.319 +03:30 [INF] Executed action AnimalIdentifier.WebUI.Controllers.HomeController.GetById (AnimalIdentifier.WebUI) in 334.905ms
2025-05-04 23:55:50.324 +03:30 [INF] Executed endpoint 'AnimalIdentifier.WebUI.Controllers.HomeController.GetById (AnimalIdentifier.WebUI)'
2025-05-04 23:55:50.328 +03:30 [INF] Request finished HTTP/2 POST https://localhost:7023/Home/GetById - 200 null application/json; charset=utf-8 495.5369ms
2025-05-04 23:55:51.297 +03:30 [INF] Request starting HTTP/2 GET https://localhost:7023/ - null null
2025-05-04 23:55:51.322 +03:30 [INF] Executing endpoint 'AnimalIdentifier.WebUI.Controllers.HomeController.Index (AnimalIdentifier.WebUI)'
2025-05-04 23:55:51.330 +03:30 [INF] Route matched with {action = "Index", controller = "Home"}. Executing controller action with signature System.Threading.Tasks.Task`1[Microsoft.AspNetCore.Mvc.IActionResult] Index() on controller AnimalIdentifier.WebUI.Controllers.HomeController (AnimalIdentifier.WebUI).
2025-05-04 23:55:51.382 +03:30 [INF] Executing ViewResult, running view Index.
2025-05-04 23:55:51.404 +03:30 [INF] Executed ViewResult - view Index executed in 23.5782ms.
2025-05-04 23:55:51.417 +03:30 [INF] Executed action AnimalIdentifier.WebUI.Controllers.HomeController.Index (AnimalIdentifier.WebUI) in 82.5217ms
2025-05-04 23:55:51.529 +03:30 [INF] Request starting HTTP/2 GET https://localhost:7023/lib/bootstrap/dist/css/bootstrap.min.css - null null
2025-05-04 23:55:51.538 +03:30 [INF] Request starting HTTP/2 GET https://localhost:7023/css/site.css?v=pAGv4ietcJNk_EwsQZ5BN9-K4MuNYS2a9wl4Jw-q9D0 - null null
2025-05-04 23:55:51.543 +03:30 [INF] Request starting HTTP/2 GET https://localhost:7023/AnimalIdentifier.WebUI.styles.css?v=HobThfNjAoyrNYU0dYHyu4WfvzD0ayVzXEfBL3syWK8 - null null
2025-05-04 23:55:51.579 +03:30 [INF] Executed endpoint 'AnimalIdentifier.WebUI.Controllers.HomeController.Index (AnimalIdentifier.WebUI)'
2025-05-04 23:55:51.582 +03:30 [INF] Request starting HTTP/2 GET https://localhost:7023/lib/jquery/dist/jquery.min.js - null null
2025-05-04 23:55:51.667 +03:30 [INF] Request starting HTTP/2 GET https://localhost:7023/lib/bootstrap/dist/js/bootstrap.bundle.min.js - null null
2025-05-04 23:55:51.705 +03:30 [INF] Request starting HTTP/2 GET https://localhost:7023/js/site.js?v=hRQyftXiu1lLX2P9Ly9xa4gHJgLeR1uGN5qegUobtGo - null null
2025-05-04 23:55:51.732 +03:30 [INF] Request starting HTTP/2 GET https://localhost:7023/Sweetalert2/sweetalert2.min.css - null null
2025-05-04 23:55:51.760 +03:30 [INF] Request starting HTTP/2 GET https://localhost:7023/_framework/aspnetcore-browser-refresh.js - null null
2025-05-04 23:55:51.760 +03:30 [INF] Request starting HTTP/2 GET https://localhost:7023/Sweetalert2/sweetalert2.min.js - null null
2025-05-04 23:55:51.835 +03:30 [INF] Sending file. Request path: '/css/site.css'. Physical path: 'C:\Users\Zagros\Desktop\Final Project\AnimalIdentifier\AnimalIdentifier\AnimalIdentifier.WebUI\wwwroot\css\site.css'
2025-05-04 23:55:51.842 +03:30 [INF] Sending file. Request path: '/AnimalIdentifier.WebUI.styles.css'. Physical path: 'C:\Users\Zagros\Desktop\Final Project\AnimalIdentifier\AnimalIdentifier\AnimalIdentifier.WebUI\obj\Debug\net8.0\scopedcss\bundle\AnimalIdentifier.WebUI.styles.css'
2025-05-04 23:55:51.844 +03:30 [INF] Request finished HTTP/2 GET https://localhost:7023/ - 200 null text/html; charset=utf-8 547.0875ms
2025-05-04 23:55:51.863 +03:30 [INF] Sending file. Request path: '/lib/bootstrap/dist/css/bootstrap.min.css'. Physical path: 'C:\Users\Zagros\Desktop\Final Project\AnimalIdentifier\AnimalIdentifier\AnimalIdentifier.WebUI\wwwroot\lib\bootstrap\dist\css\bootstrap.min.css'
2025-05-04 23:55:51.863 +03:30 [INF] Sending file. Request path: '/lib/jquery/dist/jquery.min.js'. Physical path: 'C:\Users\Zagros\Desktop\Final Project\AnimalIdentifier\AnimalIdentifier\AnimalIdentifier.WebUI\wwwroot\lib\jquery\dist\jquery.min.js'
2025-05-04 23:55:51.871 +03:30 [INF] Sending file. Request path: '/js/site.js'. Physical path: 'C:\Users\Zagros\Desktop\Final Project\AnimalIdentifier\AnimalIdentifier\AnimalIdentifier.WebUI\wwwroot\js\site.js'
2025-05-04 23:55:51.878 +03:30 [INF] Sending file. Request path: '/lib/bootstrap/dist/js/bootstrap.bundle.min.js'. Physical path: 'C:\Users\Zagros\Desktop\Final Project\AnimalIdentifier\AnimalIdentifier\AnimalIdentifier.WebUI\wwwroot\lib\bootstrap\dist\js\bootstrap.bundle.min.js'
2025-05-04 23:55:51.880 +03:30 [INF] Sending file. Request path: '/Sweetalert2/sweetalert2.min.css'. Physical path: 'C:\Users\Zagros\Desktop\Final Project\AnimalIdentifier\AnimalIdentifier\AnimalIdentifier.WebUI\wwwroot\Sweetalert2\sweetalert2.min.css'
2025-05-04 23:55:51.886 +03:30 [INF] Request finished HTTP/2 GET https://localhost:7023/_framework/aspnetcore-browser-refresh.js - 200 16529 application/javascript; charset=utf-8 125.6718ms
2025-05-04 23:55:51.896 +03:30 [INF] Request finished HTTP/2 GET https://localhost:7023/css/site.css?v=pAGv4ietcJNk_EwsQZ5BN9-K4MuNYS2a9wl4Jw-q9D0 - 200 362 text/css 358.1899ms
2025-05-04 23:55:51.901 +03:30 [INF] Request finished HTTP/2 GET https://localhost:7023/AnimalIdentifier.WebUI.styles.css?v=HobThfNjAoyrNYU0dYHyu4WfvzD0ayVzXEfBL3syWK8 - 200 1140 text/css 357.4613ms
2025-05-04 23:55:51.902 +03:30 [INF] Sending file. Request path: '/Sweetalert2/sweetalert2.min.js'. Physical path: 'C:\Users\Zagros\Desktop\Final Project\AnimalIdentifier\AnimalIdentifier\AnimalIdentifier.WebUI\wwwroot\Sweetalert2\sweetalert2.min.js'
2025-05-04 23:55:51.920 +03:30 [INF] Request finished HTTP/2 GET https://localhost:7023/lib/bootstrap/dist/css/bootstrap.min.css - 200 162720 text/css 390.9634ms
2025-05-04 23:55:51.929 +03:30 [INF] Request finished HTTP/2 GET https://localhost:7023/lib/jquery/dist/jquery.min.js - 200 89501 text/javascript 346.6887ms
2025-05-04 23:55:51.933 +03:30 [INF] Request finished HTTP/2 GET https://localhost:7023/js/site.js?v=hRQyftXiu1lLX2P9Ly9xa4gHJgLeR1uGN5qegUobtGo - 200 231 text/javascript 228.0847ms
2025-05-04 23:55:51.936 +03:30 [INF] Request finished HTTP/2 GET https://localhost:7023/lib/bootstrap/dist/js/bootstrap.bundle.min.js - 200 78468 text/javascript 269.5096ms
2025-05-04 23:55:51.947 +03:30 [INF] Request finished HTTP/2 GET https://localhost:7023/Sweetalert2/sweetalert2.min.css - 200 29195 text/css 214.5012ms
2025-05-04 23:55:51.951 +03:30 [INF] Request starting HTTP/2 GET https://localhost:7023/_vs/browserLink - null null
2025-05-04 23:55:52.001 +03:30 [INF] Request finished HTTP/2 GET https://localhost:7023/Sweetalert2/sweetalert2.min.js - 200 39981 text/javascript 240.4719ms
2025-05-04 23:55:52.182 +03:30 [INF] Request finished HTTP/2 GET https://localhost:7023/_vs/browserLink - 200 null text/javascript; charset=UTF-8 231.5932ms
2025-05-04 23:55:52.420 +03:30 [INF] Request starting HTTP/2 GET https://localhost:7023/favicon.ico - null null
2025-05-04 23:55:52.804 +03:30 [INF] Sending file. Request path: '/favicon.ico'. Physical path: 'C:\Users\Zagros\Desktop\Final Project\AnimalIdentifier\AnimalIdentifier\AnimalIdentifier.WebUI\wwwroot\favicon.ico'
2025-05-04 23:55:52.982 +03:30 [INF] Request finished HTTP/2 GET https://localhost:7023/favicon.ico - 200 5430 image/x-icon 561.9511ms
