2025-05-08 10:22:33.268 +03:30 [INF] User profile is available. Using 'C:\Users\ghand\AppData\Local\ASP.NET\DataProtection-Keys' as key repository and Windows DPAPI to encrypt keys at rest.
2025-05-08 10:22:33.369 +03:30 [INF] Now listening on: https://localhost:7023
2025-05-08 10:22:33.371 +03:30 [INF] Now listening on: http://localhost:5212
2025-05-08 10:22:33.402 +03:30 [INF] Application started. Press Ctrl+C to shut down.
2025-05-08 10:22:33.403 +03:30 [INF] Hosting environment: Development
2025-05-08 10:22:33.404 +03:30 [INF] Content root path: D:\Asrin Pakzad\AnimalSystem-DDD-Keycloak\AnimalIdentifier.WebUI
2025-05-08 10:22:33.818 +03:30 [INF] Request starting HTTP/2 GET https://localhost:7023/ - null null
2025-05-08 10:22:34.442 +03:30 [INF] Authorization failed. These requirements were not met:
DenyAnonymousAuthorizationRequirement: Requires an authenticated user.
2025-05-08 10:22:38.636 +03:30 [ERR] An unhandled exception has occurred while executing the request.
System.InvalidOperationException: IDX20803: Unable to obtain configuration from: 'http://localhost:8080/realms/AnimalRealm/.well-known/openid-configuration'. Will retry at '5/8/2025 6:52:38 AM +00:00'. Exception: 'System.IO.IOException: IDX20804: Unable to retrieve document from: '[PII of type 'System.String' is hidden. For more details, see https://aka.ms/IdentityModel/PII.]'.
 ---> System.Net.Http.HttpRequestException: No connection could be made because the target machine actively refused it. (localhost:8080)
 ---> System.Net.Sockets.SocketException (10061): No connection could be made because the target machine actively refused it.
   at System.Net.Sockets.Socket.AwaitableSocketAsyncEventArgs.ThrowException(SocketError error, CancellationToken cancellationToken)
   at System.Net.Sockets.Socket.AwaitableSocketAsyncEventArgs.System.Threading.Tasks.Sources.IValueTaskSource.GetResult(Int16 token)
   at System.Net.Sockets.Socket.<ConnectAsync>g__WaitForConnectWithCancellation|285_0(AwaitableSocketAsyncEventArgs saea, ValueTask connectTask, CancellationToken cancellationToken)
   at System.Net.Http.HttpConnectionPool.ConnectToTcpHostAsync(String host, Int32 port, HttpRequestMessage initialRequest, Boolean async, CancellationToken cancellationToken)
   --- End of inner exception stack trace ---
   at System.Net.Http.HttpConnectionPool.ConnectToTcpHostAsync(String host, Int32 port, HttpRequestMessage initialRequest, Boolean async, CancellationToken cancellationToken)
   at System.Net.Http.HttpConnectionPool.ConnectAsync(HttpRequestMessage request, Boolean async, CancellationToken cancellationToken)
   at System.Net.Http.HttpConnectionPool.CreateHttp11ConnectionAsync(HttpRequestMessage request, Boolean async, CancellationToken cancellationToken)
   at System.Net.Http.HttpConnectionPool.AddHttp11ConnectionAsync(QueueItem queueItem)
   at System.Threading.Tasks.TaskCompletionSourceWithCancellation`1.WaitWithCancellationAsync(CancellationToken cancellationToken)
   at System.Net.Http.HttpConnectionPool.SendWithVersionDetectionAndRetryAsync(HttpRequestMessage request, Boolean async, Boolean doRequestAuth, CancellationToken cancellationToken)
   at System.Net.Http.DiagnosticsHandler.SendAsyncCore(HttpRequestMessage request, Boolean async, CancellationToken cancellationToken)
   at System.Net.Http.RedirectHandler.SendAsync(HttpRequestMessage request, Boolean async, CancellationToken cancellationToken)
   at System.Net.Http.HttpClient.<SendAsync>g__Core|83_0(HttpRequestMessage request, HttpCompletionOption completionOption, CancellationTokenSource cts, Boolean disposeCts, CancellationTokenSource pendingRequestsCts, CancellationToken originalCancellationToken)
   at Microsoft.IdentityModel.Protocols.HttpDocumentRetriever.SendAsyncAndRetryOnNetworkError(HttpClient httpClient, Uri uri)
   at Microsoft.IdentityModel.Protocols.HttpDocumentRetriever.GetDocumentAsync(String address, CancellationToken cancel)
   --- End of inner exception stack trace ---
   at Microsoft.IdentityModel.Protocols.HttpDocumentRetriever.GetDocumentAsync(String address, CancellationToken cancel)
   at Microsoft.IdentityModel.Protocols.OpenIdConnect.OpenIdConnectConfigurationRetriever.GetAsync(String address, IDocumentRetriever retriever, CancellationToken cancel)
   at Microsoft.IdentityModel.Protocols.ConfigurationManager`1.GetConfigurationAsync(CancellationToken cancel)'.
 ---> System.IO.IOException: IDX20804: Unable to retrieve document from: '[PII of type 'System.String' is hidden. For more details, see https://aka.ms/IdentityModel/PII.]'.
 ---> System.Net.Http.HttpRequestException: No connection could be made because the target machine actively refused it. (localhost:8080)
 ---> System.Net.Sockets.SocketException (10061): No connection could be made because the target machine actively refused it.
   at System.Net.Sockets.Socket.AwaitableSocketAsyncEventArgs.ThrowException(SocketError error, CancellationToken cancellationToken)
   at System.Net.Sockets.Socket.AwaitableSocketAsyncEventArgs.System.Threading.Tasks.Sources.IValueTaskSource.GetResult(Int16 token)
   at System.Net.Sockets.Socket.<ConnectAsync>g__WaitForConnectWithCancellation|285_0(AwaitableSocketAsyncEventArgs saea, ValueTask connectTask, CancellationToken cancellationToken)
   at System.Net.Http.HttpConnectionPool.ConnectToTcpHostAsync(String host, Int32 port, HttpRequestMessage initialRequest, Boolean async, CancellationToken cancellationToken)
   --- End of inner exception stack trace ---
   at System.Net.Http.HttpConnectionPool.ConnectToTcpHostAsync(String host, Int32 port, HttpRequestMessage initialRequest, Boolean async, CancellationToken cancellationToken)
   at System.Net.Http.HttpConnectionPool.ConnectAsync(HttpRequestMessage request, Boolean async, CancellationToken cancellationToken)
   at System.Net.Http.HttpConnectionPool.CreateHttp11ConnectionAsync(HttpRequestMessage request, Boolean async, CancellationToken cancellationToken)
   at System.Net.Http.HttpConnectionPool.AddHttp11ConnectionAsync(QueueItem queueItem)
   at System.Threading.Tasks.TaskCompletionSourceWithCancellation`1.WaitWithCancellationAsync(CancellationToken cancellationToken)
   at System.Net.Http.HttpConnectionPool.SendWithVersionDetectionAndRetryAsync(HttpRequestMessage request, Boolean async, Boolean doRequestAuth, CancellationToken cancellationToken)
   at System.Net.Http.DiagnosticsHandler.SendAsyncCore(HttpRequestMessage request, Boolean async, CancellationToken cancellationToken)
   at System.Net.Http.RedirectHandler.SendAsync(HttpRequestMessage request, Boolean async, CancellationToken cancellationToken)
   at System.Net.Http.HttpClient.<SendAsync>g__Core|83_0(HttpRequestMessage request, HttpCompletionOption completionOption, CancellationTokenSource cts, Boolean disposeCts, CancellationTokenSource pendingRequestsCts, CancellationToken originalCancellationToken)
   at Microsoft.IdentityModel.Protocols.HttpDocumentRetriever.SendAsyncAndRetryOnNetworkError(HttpClient httpClient, Uri uri)
   at Microsoft.IdentityModel.Protocols.HttpDocumentRetriever.GetDocumentAsync(String address, CancellationToken cancel)
   --- End of inner exception stack trace ---
   at Microsoft.IdentityModel.Protocols.HttpDocumentRetriever.GetDocumentAsync(String address, CancellationToken cancel)
   at Microsoft.IdentityModel.Protocols.OpenIdConnect.OpenIdConnectConfigurationRetriever.GetAsync(String address, IDocumentRetriever retriever, CancellationToken cancel)
   at Microsoft.IdentityModel.Protocols.ConfigurationManager`1.GetConfigurationAsync(CancellationToken cancel)
   --- End of inner exception stack trace ---
   at Microsoft.IdentityModel.Protocols.ConfigurationManager`1.GetConfigurationAsync(CancellationToken cancel)
   at Microsoft.AspNetCore.Authentication.OpenIdConnect.OpenIdConnectHandler.HandleChallengeAsyncInternal(AuthenticationProperties properties)
   at Microsoft.AspNetCore.Authentication.OpenIdConnect.OpenIdConnectHandler.HandleChallengeAsync(AuthenticationProperties properties)
   at Microsoft.AspNetCore.Authentication.AuthenticationHandler`1.ChallengeAsync(AuthenticationProperties properties)
   at Microsoft.AspNetCore.Authentication.AuthenticationService.ChallengeAsync(HttpContext context, String scheme, AuthenticationProperties properties)
   at Microsoft.AspNetCore.Authorization.Policy.AuthorizationMiddlewareResultHandler.<>c__DisplayClass0_0.<<HandleAsync>g__Handle|0>d.MoveNext()
--- End of stack trace from previous location ---
   at Microsoft.AspNetCore.Authorization.AuthorizationMiddleware.Invoke(HttpContext context)
   at Microsoft.AspNetCore.Authentication.AuthenticationMiddleware.Invoke(HttpContext context)
   at Microsoft.AspNetCore.Diagnostics.DeveloperExceptionPageMiddlewareImpl.Invoke(HttpContext context)
2025-05-08 10:22:38.667 +03:30 [INF] Request finished HTTP/2 GET https://localhost:7023/ - 500 null text/html; charset=utf-8 4849.4978ms
2025-05-08 10:22:38.693 +03:30 [INF] Request starting HTTP/2 GET https://localhost:7023/_vs/browserLink - null null
2025-05-08 10:22:38.696 +03:30 [INF] Request starting HTTP/2 GET https://localhost:7023/_framework/aspnetcore-browser-refresh.js - null null
2025-05-08 10:22:38.703 +03:30 [INF] Request finished HTTP/2 GET https://localhost:7023/_framework/aspnetcore-browser-refresh.js - 200 16529 application/javascript; charset=utf-8 7.2306ms
2025-05-08 10:22:38.713 +03:30 [INF] Request finished HTTP/2 GET https://localhost:7023/_vs/browserLink - 200 null text/javascript; charset=UTF-8 19.5227ms
2025-05-08 10:22:38.730 +03:30 [INF] Request starting HTTP/2 GET https://localhost:7023/favicon.ico - null null
2025-05-08 10:22:38.749 +03:30 [INF] Sending file. Request path: '/favicon.ico'. Physical path: 'D:\Asrin Pakzad\AnimalSystem-DDD-Keycloak\AnimalIdentifier.WebUI\wwwroot\favicon.ico'
2025-05-08 10:22:38.751 +03:30 [INF] Request finished HTTP/2 GET https://localhost:7023/favicon.ico - 200 5430 image/x-icon 21.2083ms
2025-05-08 12:13:51.667 +03:30 [INF] User profile is available. Using 'C:\Users\ghand\AppData\Local\ASP.NET\DataProtection-Keys' as key repository and Windows DPAPI to encrypt keys at rest.
2025-05-08 12:13:51.767 +03:30 [INF] Now listening on: https://localhost:7023
2025-05-08 12:13:51.769 +03:30 [INF] Now listening on: http://localhost:5212
2025-05-08 12:13:51.802 +03:30 [INF] Application started. Press Ctrl+C to shut down.
2025-05-08 12:13:51.802 +03:30 [INF] Hosting environment: Development
2025-05-08 12:13:51.803 +03:30 [INF] Content root path: D:\Asrin Pakzad\AnimalSystem-DDD-Keycloak\AnimalIdentifier.WebUI
2025-05-08 12:13:52.086 +03:30 [INF] Request starting HTTP/2 GET https://localhost:7023/ - null null
2025-05-08 12:13:52.166 +03:30 [INF] Authorization failed. These requirements were not met:
DenyAnonymousAuthorizationRequirement: Requires an authenticated user.
2025-05-08 12:13:52.204 +03:30 [ERR] An unhandled exception has occurred while executing the request.
System.InvalidOperationException: IDX20803: Unable to obtain configuration from: 'http://localhost:8080/realms/AnimalRealm/.well-known/openid-configuration'. Will retry at '5/8/2025 8:43:52 AM +00:00'. Exception: 'System.IO.IOException: IDX20807: Unable to retrieve document from: '[PII of type 'System.String' is hidden. For more details, see https://aka.ms/IdentityModel/PII.]'. HttpResponseMessage: '[PII of type 'System.Net.Http.HttpResponseMessage' is hidden. For more details, see https://aka.ms/IdentityModel/PII.]', HttpResponseMessage.Content: '[PII of type 'System.String' is hidden. For more details, see https://aka.ms/IdentityModel/PII.]'.
   at Microsoft.IdentityModel.Protocols.HttpDocumentRetriever.GetDocumentAsync(String address, CancellationToken cancel)
   at Microsoft.IdentityModel.Protocols.OpenIdConnect.OpenIdConnectConfigurationRetriever.GetAsync(String address, IDocumentRetriever retriever, CancellationToken cancel)
   at Microsoft.IdentityModel.Protocols.ConfigurationManager`1.GetConfigurationAsync(CancellationToken cancel)'.
 ---> System.IO.IOException: IDX20807: Unable to retrieve document from: '[PII of type 'System.String' is hidden. For more details, see https://aka.ms/IdentityModel/PII.]'. HttpResponseMessage: '[PII of type 'System.Net.Http.HttpResponseMessage' is hidden. For more details, see https://aka.ms/IdentityModel/PII.]', HttpResponseMessage.Content: '[PII of type 'System.String' is hidden. For more details, see https://aka.ms/IdentityModel/PII.]'.
   at Microsoft.IdentityModel.Protocols.HttpDocumentRetriever.GetDocumentAsync(String address, CancellationToken cancel)
   at Microsoft.IdentityModel.Protocols.OpenIdConnect.OpenIdConnectConfigurationRetriever.GetAsync(String address, IDocumentRetriever retriever, CancellationToken cancel)
   at Microsoft.IdentityModel.Protocols.ConfigurationManager`1.GetConfigurationAsync(CancellationToken cancel)
   --- End of inner exception stack trace ---
   at Microsoft.IdentityModel.Protocols.ConfigurationManager`1.GetConfigurationAsync(CancellationToken cancel)
   at Microsoft.AspNetCore.Authentication.OpenIdConnect.OpenIdConnectHandler.HandleChallengeAsyncInternal(AuthenticationProperties properties)
   at Microsoft.AspNetCore.Authentication.OpenIdConnect.OpenIdConnectHandler.HandleChallengeAsync(AuthenticationProperties properties)
   at Microsoft.AspNetCore.Authentication.AuthenticationHandler`1.ChallengeAsync(AuthenticationProperties properties)
   at Microsoft.AspNetCore.Authentication.AuthenticationService.ChallengeAsync(HttpContext context, String scheme, AuthenticationProperties properties)
   at Microsoft.AspNetCore.Authorization.Policy.AuthorizationMiddlewareResultHandler.<>c__DisplayClass0_0.<<HandleAsync>g__Handle|0>d.MoveNext()
--- End of stack trace from previous location ---
   at Microsoft.AspNetCore.Authorization.AuthorizationMiddleware.Invoke(HttpContext context)
   at Microsoft.AspNetCore.Authentication.AuthenticationMiddleware.Invoke(HttpContext context)
   at Microsoft.AspNetCore.Diagnostics.DeveloperExceptionPageMiddlewareImpl.Invoke(HttpContext context)
2025-05-08 12:13:52.230 +03:30 [INF] Request finished HTTP/2 GET https://localhost:7023/ - 500 null text/html; charset=utf-8 144.4763ms
2025-05-08 12:13:52.239 +03:30 [INF] Request starting HTTP/2 GET https://localhost:7023/_framework/aspnetcore-browser-refresh.js - null null
2025-05-08 12:13:52.239 +03:30 [INF] Request starting HTTP/2 GET https://localhost:7023/_vs/browserLink - null null
2025-05-08 12:13:52.243 +03:30 [INF] Request finished HTTP/2 GET https://localhost:7023/_framework/aspnetcore-browser-refresh.js - 200 16529 application/javascript; charset=utf-8 3.8664ms
2025-05-08 12:13:52.260 +03:30 [INF] Request finished HTTP/2 GET https://localhost:7023/_vs/browserLink - 200 null text/javascript; charset=UTF-8 20.2596ms
2025-05-08 13:29:04.994 +03:30 [INF] User profile is available. Using 'C:\Users\ghand\AppData\Local\ASP.NET\DataProtection-Keys' as key repository and Windows DPAPI to encrypt keys at rest.
2025-05-08 13:29:05.091 +03:30 [INF] Now listening on: https://localhost:7023
2025-05-08 13:29:05.093 +03:30 [INF] Now listening on: http://localhost:5212
2025-05-08 13:29:05.125 +03:30 [INF] Application started. Press Ctrl+C to shut down.
2025-05-08 13:29:05.127 +03:30 [INF] Hosting environment: Development
2025-05-08 13:29:05.129 +03:30 [INF] Content root path: D:\Asrin Pakzad\AnimalSystem-DDD-Keycloak\AnimalIdentifier.WebUI
2025-05-08 13:29:05.274 +03:30 [INF] Request starting HTTP/2 GET https://localhost:7023/ - null null
2025-05-08 13:29:05.859 +03:30 [INF] Authorization failed. These requirements were not met:
DenyAnonymousAuthorizationRequirement: Requires an authenticated user.
2025-05-08 13:29:05.957 +03:30 [INF] AuthenticationScheme: OpenIdConnect was challenged.
2025-05-08 13:29:05.961 +03:30 [INF] Request finished HTTP/2 GET https://localhost:7023/ - 302 0 null 687.2812ms
2025-05-08 13:35:18.783 +03:30 [INF] Request starting HTTP/2 GET https://localhost:7023/ - null null
2025-05-08 13:35:18.796 +03:30 [INF] Authorization failed. These requirements were not met:
DenyAnonymousAuthorizationRequirement: Requires an authenticated user.
2025-05-08 13:35:18.799 +03:30 [INF] AuthenticationScheme: OpenIdConnect was challenged.
2025-05-08 13:35:18.801 +03:30 [INF] Request finished HTTP/2 GET https://localhost:7023/ - 302 0 null 17.1804ms
2025-05-08 13:36:06.256 +03:30 [INF] Request starting HTTP/2 POST https://localhost:7023/signin-oidc - application/x-www-form-urlencoded 620
2025-05-08 13:36:06.286 +03:30 [ERR] Message contains error: 'unauthorized_client', error_description: 'Invalid client or Invalid client credentials', error_uri: 'error_uri is null', status code '401'.
2025-05-08 13:36:06.290 +03:30 [ERR] Exception occurred while processing message.
Microsoft.IdentityModel.Protocols.OpenIdConnect.OpenIdConnectProtocolException: Message contains error: 'unauthorized_client', error_description: 'Invalid client or Invalid client credentials', error_uri: 'error_uri is null'.
   at Microsoft.AspNetCore.Authentication.OpenIdConnect.OpenIdConnectHandler.RedeemAuthorizationCodeAsync(OpenIdConnectMessage tokenEndpointRequest)
   at Microsoft.AspNetCore.Authentication.OpenIdConnect.OpenIdConnectHandler.HandleRemoteAuthenticateAsync()
2025-05-08 13:36:06.301 +03:30 [INF] Error from RemoteAuthentication: Message contains error: 'unauthorized_client', error_description: 'Invalid client or Invalid client credentials', error_uri: 'error_uri is null'..
2025-05-08 13:36:06.303 +03:30 [ERR] An unhandled exception has occurred while executing the request.
Microsoft.AspNetCore.Authentication.AuthenticationFailureException: An error was encountered while handling the remote login.
 ---> Microsoft.IdentityModel.Protocols.OpenIdConnect.OpenIdConnectProtocolException: Message contains error: 'unauthorized_client', error_description: 'Invalid client or Invalid client credentials', error_uri: 'error_uri is null'.
   at Microsoft.AspNetCore.Authentication.OpenIdConnect.OpenIdConnectHandler.RedeemAuthorizationCodeAsync(OpenIdConnectMessage tokenEndpointRequest)
   at Microsoft.AspNetCore.Authentication.OpenIdConnect.OpenIdConnectHandler.HandleRemoteAuthenticateAsync()
   --- End of inner exception stack trace ---
   at Microsoft.AspNetCore.Authentication.RemoteAuthenticationHandler`1.HandleRequestAsync()
   at Microsoft.AspNetCore.Authentication.AuthenticationMiddleware.Invoke(HttpContext context)
   at Microsoft.AspNetCore.Diagnostics.DeveloperExceptionPageMiddlewareImpl.Invoke(HttpContext context)
2025-05-08 13:36:06.323 +03:30 [INF] Request finished HTTP/2 POST https://localhost:7023/signin-oidc - 500 null text/html; charset=utf-8 67.171ms
2025-05-08 13:36:06.334 +03:30 [INF] Request starting HTTP/2 GET https://localhost:7023/_framework/aspnetcore-browser-refresh.js - null null
2025-05-08 13:36:06.334 +03:30 [INF] Request starting HTTP/2 GET https://localhost:7023/_vs/browserLink - null null
2025-05-08 13:36:06.338 +03:30 [INF] Request finished HTTP/2 GET https://localhost:7023/_framework/aspnetcore-browser-refresh.js - 200 16529 application/javascript; charset=utf-8 4.1489ms
2025-05-08 13:36:06.352 +03:30 [INF] Request finished HTTP/2 GET https://localhost:7023/_vs/browserLink - 200 null text/javascript; charset=UTF-8 18.6565ms
2025-05-08 13:36:06.371 +03:30 [INF] Request starting HTTP/2 GET https://localhost:7023/favicon.ico - null null
2025-05-08 13:36:06.377 +03:30 [INF] The file /favicon.ico was not modified
2025-05-08 13:36:06.378 +03:30 [INF] Request finished HTTP/2 GET https://localhost:7023/favicon.ico - 304 null image/x-icon 7.2087ms
2025-05-08 13:37:20.392 +03:30 [INF] Request starting HTTP/2 POST https://localhost:7023/signin-oidc - application/x-www-form-urlencoded 620
2025-05-08 13:37:20.401 +03:30 [WRN] '.AspNetCore.Correlation.vwODLlLsbyOSWAKlL6O3SmbbHXiM3Xs8Wjhomt1cBt0' cookie not found.
2025-05-08 13:37:20.402 +03:30 [INF] Error from RemoteAuthentication: Correlation failed..
2025-05-08 13:37:20.403 +03:30 [ERR] An unhandled exception has occurred while executing the request.
Microsoft.AspNetCore.Authentication.AuthenticationFailureException: An error was encountered while handling the remote login.
 ---> Microsoft.AspNetCore.Authentication.AuthenticationFailureException: Correlation failed.
   --- End of inner exception stack trace ---
   at Microsoft.AspNetCore.Authentication.RemoteAuthenticationHandler`1.HandleRequestAsync()
   at Microsoft.AspNetCore.Authentication.AuthenticationMiddleware.Invoke(HttpContext context)
   at Microsoft.AspNetCore.Diagnostics.DeveloperExceptionPageMiddlewareImpl.Invoke(HttpContext context)
2025-05-08 13:37:20.407 +03:30 [INF] Request finished HTTP/2 POST https://localhost:7023/signin-oidc - 500 null text/html; charset=utf-8 14.6639ms
2025-05-08 13:37:20.417 +03:30 [INF] Request starting HTTP/2 GET https://localhost:7023/_framework/aspnetcore-browser-refresh.js - null null
2025-05-08 13:37:20.417 +03:30 [INF] Request starting HTTP/2 GET https://localhost:7023/_vs/browserLink - null null
2025-05-08 13:37:20.420 +03:30 [INF] Request finished HTTP/2 GET https://localhost:7023/_framework/aspnetcore-browser-refresh.js - 200 16529 application/javascript; charset=utf-8 2.9197ms
2025-05-08 13:37:20.429 +03:30 [INF] Request finished HTTP/2 GET https://localhost:7023/_vs/browserLink - 200 null text/javascript; charset=UTF-8 11.6703ms
2025-05-08 13:37:20.439 +03:30 [INF] Request starting HTTP/2 GET https://localhost:7023/favicon.ico - null null
2025-05-08 13:37:20.463 +03:30 [INF] Sending file. Request path: '/favicon.ico'. Physical path: 'D:\Asrin Pakzad\AnimalSystem-DDD-Keycloak\AnimalIdentifier.WebUI\wwwroot\favicon.ico'
2025-05-08 13:37:20.465 +03:30 [INF] Request finished HTTP/2 GET https://localhost:7023/favicon.ico - 200 5430 image/x-icon 25.5743ms
2025-05-08 13:37:28.817 +03:30 [INF] Request starting HTTP/2 GET https://localhost:7023/ - null null
2025-05-08 13:37:28.825 +03:30 [INF] Authorization failed. These requirements were not met:
DenyAnonymousAuthorizationRequirement: Requires an authenticated user.
2025-05-08 13:37:28.828 +03:30 [INF] AuthenticationScheme: OpenIdConnect was challenged.
2025-05-08 13:37:28.830 +03:30 [INF] Request finished HTTP/2 GET https://localhost:7023/ - 302 0 null 12.3715ms
2025-05-08 13:37:28.909 +03:30 [INF] Request starting HTTP/2 POST https://localhost:7023/signin-oidc - application/x-www-form-urlencoded 620
2025-05-08 13:37:28.920 +03:30 [ERR] Message contains error: 'unauthorized_client', error_description: 'Invalid client or Invalid client credentials', error_uri: 'error_uri is null', status code '401'.
2025-05-08 13:37:28.924 +03:30 [ERR] Exception occurred while processing message.
Microsoft.IdentityModel.Protocols.OpenIdConnect.OpenIdConnectProtocolException: Message contains error: 'unauthorized_client', error_description: 'Invalid client or Invalid client credentials', error_uri: 'error_uri is null'.
   at Microsoft.AspNetCore.Authentication.OpenIdConnect.OpenIdConnectHandler.RedeemAuthorizationCodeAsync(OpenIdConnectMessage tokenEndpointRequest)
   at Microsoft.AspNetCore.Authentication.OpenIdConnect.OpenIdConnectHandler.HandleRemoteAuthenticateAsync()
2025-05-08 13:37:28.926 +03:30 [INF] Error from RemoteAuthentication: Message contains error: 'unauthorized_client', error_description: 'Invalid client or Invalid client credentials', error_uri: 'error_uri is null'..
2025-05-08 13:37:28.927 +03:30 [ERR] An unhandled exception has occurred while executing the request.
Microsoft.AspNetCore.Authentication.AuthenticationFailureException: An error was encountered while handling the remote login.
 ---> Microsoft.IdentityModel.Protocols.OpenIdConnect.OpenIdConnectProtocolException: Message contains error: 'unauthorized_client', error_description: 'Invalid client or Invalid client credentials', error_uri: 'error_uri is null'.
   at Microsoft.AspNetCore.Authentication.OpenIdConnect.OpenIdConnectHandler.RedeemAuthorizationCodeAsync(OpenIdConnectMessage tokenEndpointRequest)
   at Microsoft.AspNetCore.Authentication.OpenIdConnect.OpenIdConnectHandler.HandleRemoteAuthenticateAsync()
   --- End of inner exception stack trace ---
   at Microsoft.AspNetCore.Authentication.RemoteAuthenticationHandler`1.HandleRequestAsync()
   at Microsoft.AspNetCore.Authentication.AuthenticationMiddleware.Invoke(HttpContext context)
   at Microsoft.AspNetCore.Diagnostics.DeveloperExceptionPageMiddlewareImpl.Invoke(HttpContext context)
2025-05-08 13:37:28.931 +03:30 [INF] Request finished HTTP/2 POST https://localhost:7023/signin-oidc - 500 null text/html; charset=utf-8 21.9609ms
2025-05-08 13:37:28.941 +03:30 [INF] Request starting HTTP/2 GET https://localhost:7023/_vs/browserLink - null null
2025-05-08 13:37:28.941 +03:30 [INF] Request starting HTTP/2 GET https://localhost:7023/_framework/aspnetcore-browser-refresh.js - null null
2025-05-08 13:37:28.946 +03:30 [INF] Request finished HTTP/2 GET https://localhost:7023/_vs/browserLink - 200 null text/javascript; charset=UTF-8 5.7724ms
2025-05-08 13:37:28.947 +03:30 [INF] Request finished HTTP/2 GET https://localhost:7023/_framework/aspnetcore-browser-refresh.js - 200 16529 application/javascript; charset=utf-8 5.9957ms
2025-05-08 13:37:38.295 +03:30 [INF] Request starting HTTP/2 GET https://localhost:7023/ - null null
2025-05-08 13:37:38.300 +03:30 [INF] Authorization failed. These requirements were not met:
DenyAnonymousAuthorizationRequirement: Requires an authenticated user.
2025-05-08 13:37:38.301 +03:30 [INF] AuthenticationScheme: OpenIdConnect was challenged.
2025-05-08 13:37:38.303 +03:30 [INF] Request finished HTTP/2 GET https://localhost:7023/ - 302 0 null 8.1798ms
2025-05-08 13:37:38.342 +03:30 [INF] Request starting HTTP/2 POST https://localhost:7023/signin-oidc - application/x-www-form-urlencoded 620
2025-05-08 13:37:38.349 +03:30 [ERR] Message contains error: 'unauthorized_client', error_description: 'Invalid client or Invalid client credentials', error_uri: 'error_uri is null', status code '401'.
2025-05-08 13:37:38.352 +03:30 [ERR] Exception occurred while processing message.
Microsoft.IdentityModel.Protocols.OpenIdConnect.OpenIdConnectProtocolException: Message contains error: 'unauthorized_client', error_description: 'Invalid client or Invalid client credentials', error_uri: 'error_uri is null'.
   at Microsoft.AspNetCore.Authentication.OpenIdConnect.OpenIdConnectHandler.RedeemAuthorizationCodeAsync(OpenIdConnectMessage tokenEndpointRequest)
   at Microsoft.AspNetCore.Authentication.OpenIdConnect.OpenIdConnectHandler.HandleRemoteAuthenticateAsync()
2025-05-08 13:37:38.354 +03:30 [INF] Error from RemoteAuthentication: Message contains error: 'unauthorized_client', error_description: 'Invalid client or Invalid client credentials', error_uri: 'error_uri is null'..
2025-05-08 13:37:38.356 +03:30 [ERR] An unhandled exception has occurred while executing the request.
Microsoft.AspNetCore.Authentication.AuthenticationFailureException: An error was encountered while handling the remote login.
 ---> Microsoft.IdentityModel.Protocols.OpenIdConnect.OpenIdConnectProtocolException: Message contains error: 'unauthorized_client', error_description: 'Invalid client or Invalid client credentials', error_uri: 'error_uri is null'.
   at Microsoft.AspNetCore.Authentication.OpenIdConnect.OpenIdConnectHandler.RedeemAuthorizationCodeAsync(OpenIdConnectMessage tokenEndpointRequest)
   at Microsoft.AspNetCore.Authentication.OpenIdConnect.OpenIdConnectHandler.HandleRemoteAuthenticateAsync()
   --- End of inner exception stack trace ---
   at Microsoft.AspNetCore.Authentication.RemoteAuthenticationHandler`1.HandleRequestAsync()
   at Microsoft.AspNetCore.Authentication.AuthenticationMiddleware.Invoke(HttpContext context)
   at Microsoft.AspNetCore.Diagnostics.DeveloperExceptionPageMiddlewareImpl.Invoke(HttpContext context)
2025-05-08 13:37:38.359 +03:30 [INF] Request finished HTTP/2 POST https://localhost:7023/signin-oidc - 500 null text/html; charset=utf-8 17.9926ms
2025-05-08 13:37:38.372 +03:30 [INF] Request starting HTTP/2 GET https://localhost:7023/_vs/browserLink - null null
2025-05-08 13:37:38.374 +03:30 [INF] Request starting HTTP/2 GET https://localhost:7023/_framework/aspnetcore-browser-refresh.js - null null
2025-05-08 13:37:38.378 +03:30 [INF] Request finished HTTP/2 GET https://localhost:7023/_vs/browserLink - 200 null text/javascript; charset=UTF-8 5.7399ms
2025-05-08 13:37:38.379 +03:30 [INF] Request finished HTTP/2 GET https://localhost:7023/_framework/aspnetcore-browser-refresh.js - 200 16529 application/javascript; charset=utf-8 4.5798ms
2025-05-08 13:38:11.302 +03:30 [INF] User profile is available. Using 'C:\Users\ghand\AppData\Local\ASP.NET\DataProtection-Keys' as key repository and Windows DPAPI to encrypt keys at rest.
2025-05-08 13:38:11.424 +03:30 [INF] Now listening on: https://localhost:7023
2025-05-08 13:38:11.426 +03:30 [INF] Now listening on: http://localhost:5212
2025-05-08 13:38:11.459 +03:30 [INF] Application started. Press Ctrl+C to shut down.
2025-05-08 13:38:11.459 +03:30 [INF] Hosting environment: Development
2025-05-08 13:38:11.460 +03:30 [INF] Content root path: D:\Asrin Pakzad\AnimalSystem-DDD-Keycloak\AnimalIdentifier.WebUI
2025-05-08 13:38:11.746 +03:30 [INF] Request starting HTTP/2 GET https://localhost:7023/ - null null
2025-05-08 13:38:12.283 +03:30 [INF] Authorization failed. These requirements were not met:
DenyAnonymousAuthorizationRequirement: Requires an authenticated user.
2025-05-08 13:38:12.372 +03:30 [INF] AuthenticationScheme: OpenIdConnect was challenged.
2025-05-08 13:38:12.377 +03:30 [INF] Request finished HTTP/2 GET https://localhost:7023/ - 302 0 null 631.7014ms
2025-05-08 13:38:18.099 +03:30 [INF] Request starting HTTP/2 POST https://localhost:7023/signin-oidc - application/x-www-form-urlencoded 620
2025-05-08 13:38:18.193 +03:30 [INF] AuthenticationScheme: Cookies signed in.
2025-05-08 13:38:18.195 +03:30 [INF] Request finished HTTP/2 POST https://localhost:7023/signin-oidc - 302 0 null 96.5968ms
2025-05-08 13:38:18.200 +03:30 [INF] Request starting HTTP/2 GET https://localhost:7023/ - null null
2025-05-08 13:38:18.207 +03:30 [INF] Executing endpoint 'AnimalIdentifier.WebUI.Controllers.HomeController.Index (AnimalIdentifier.WebUI)'
2025-05-08 13:38:18.233 +03:30 [INF] Route matched with {action = "Index", controller = "Home"}. Executing controller action with signature System.Threading.Tasks.Task`1[Microsoft.AspNetCore.Mvc.IActionResult] Index() on controller AnimalIdentifier.WebUI.Controllers.HomeController (AnimalIdentifier.WebUI).
2025-05-08 13:38:19.075 +03:30 [INF] Executing SignOutResult with authentication schemes (["OpenIdConnect","Cookies"]).
2025-05-08 13:38:19.080 +03:30 [INF] AuthenticationScheme: OpenIdConnect signed out.
2025-05-08 13:38:19.081 +03:30 [INF] AuthenticationScheme: Cookies signed out.
2025-05-08 13:38:19.085 +03:30 [INF] Executed action AnimalIdentifier.WebUI.Controllers.HomeController.Index (AnimalIdentifier.WebUI) in 848.8861ms
2025-05-08 13:38:19.086 +03:30 [INF] Executed endpoint 'AnimalIdentifier.WebUI.Controllers.HomeController.Index (AnimalIdentifier.WebUI)'
2025-05-08 13:38:19.087 +03:30 [INF] Request finished HTTP/2 GET https://localhost:7023/ - 302 0 null 887.4071ms
2025-05-08 13:41:25.149 +03:30 [INF] User profile is available. Using 'C:\Users\ghand\AppData\Local\ASP.NET\DataProtection-Keys' as key repository and Windows DPAPI to encrypt keys at rest.
2025-05-08 13:41:25.289 +03:30 [INF] Now listening on: https://localhost:7023
2025-05-08 13:41:25.291 +03:30 [INF] Now listening on: http://localhost:5212
2025-05-08 13:41:25.334 +03:30 [INF] Application started. Press Ctrl+C to shut down.
2025-05-08 13:41:25.335 +03:30 [INF] Hosting environment: Development
2025-05-08 13:41:25.335 +03:30 [INF] Content root path: D:\Asrin Pakzad\AnimalSystem-DDD-Keycloak\AnimalIdentifier.WebUI
2025-05-08 13:41:25.599 +03:30 [INF] Request starting HTTP/2 GET https://localhost:7023/ - null null
2025-05-08 13:41:25.703 +03:30 [INF] Authorization failed. These requirements were not met:
DenyAnonymousAuthorizationRequirement: Requires an authenticated user.
2025-05-08 13:41:25.761 +03:30 [INF] AuthenticationScheme: OpenIdConnect was challenged.
2025-05-08 13:41:25.764 +03:30 [INF] Request finished HTTP/2 GET https://localhost:7023/ - 302 0 null 166.6354ms
2025-05-08 13:41:34.117 +03:30 [INF] Request starting HTTP/2 POST https://localhost:7023/signin-oidc - application/x-www-form-urlencoded 620
2025-05-08 13:41:34.203 +03:30 [INF] AuthenticationScheme: Cookies signed in.
2025-05-08 13:41:34.205 +03:30 [INF] Request finished HTTP/2 POST https://localhost:7023/signin-oidc - 302 0 null 88.3403ms
2025-05-08 13:41:34.210 +03:30 [INF] Request starting HTTP/2 GET https://localhost:7023/ - null null
2025-05-08 13:41:34.217 +03:30 [INF] Executing endpoint 'AnimalIdentifier.WebUI.Controllers.HomeController.Index (AnimalIdentifier.WebUI)'
2025-05-08 13:41:34.239 +03:30 [INF] Route matched with {action = "Index", controller = "Home"}. Executing controller action with signature System.Threading.Tasks.Task`1[Microsoft.AspNetCore.Mvc.IActionResult] Index() on controller AnimalIdentifier.WebUI.Controllers.HomeController (AnimalIdentifier.WebUI).
2025-05-08 13:41:34.382 +03:30 [INF] Executing SignOutResult with authentication schemes (["OpenIdConnect","Cookies"]).
2025-05-08 13:41:34.387 +03:30 [INF] AuthenticationScheme: OpenIdConnect signed out.
2025-05-08 13:41:34.390 +03:30 [INF] AuthenticationScheme: Cookies signed out.
2025-05-08 13:41:34.393 +03:30 [INF] Executed action AnimalIdentifier.WebUI.Controllers.HomeController.Index (AnimalIdentifier.WebUI) in 150.1225ms
2025-05-08 13:41:34.395 +03:30 [INF] Executed endpoint 'AnimalIdentifier.WebUI.Controllers.HomeController.Index (AnimalIdentifier.WebUI)'
2025-05-08 13:41:34.395 +03:30 [INF] Request finished HTTP/2 GET https://localhost:7023/ - 302 0 null 184.9002ms
2025-05-08 13:41:34.408 +03:30 [INF] Request starting HTTP/2 GET https://localhost:7023/signout-callback-oidc?state=CfDJ8JQyvP6gemRMogPZtIpfOy1srkAREBd9QG14vItWNcIO6PFVChYe-RywXQzfc6LtGSXPF5nSjbPlaUZ6wBR3cDJQt9QTWZluSm1jdCiw9LzcZu76ApkgUOw6QUOKMbB-YOVcb9Rkm2UQleSTKhfKjhwN-IzZAYKO2cvzoNR62FSg - null null
2025-05-08 13:41:34.414 +03:30 [INF] Request finished HTTP/2 GET https://localhost:7023/signout-callback-oidc?state=CfDJ8JQyvP6gemRMogPZtIpfOy1srkAREBd9QG14vItWNcIO6PFVChYe-RywXQzfc6LtGSXPF5nSjbPlaUZ6wBR3cDJQt9QTWZluSm1jdCiw9LzcZu76ApkgUOw6QUOKMbB-YOVcb9Rkm2UQleSTKhfKjhwN-IzZAYKO2cvzoNR62FSg - 302 0 null 6.5341ms
2025-05-08 13:41:34.416 +03:30 [INF] Request starting HTTP/2 GET https://localhost:7023/ - null null
2025-05-08 13:41:34.422 +03:30 [INF] Authorization failed. These requirements were not met:
DenyAnonymousAuthorizationRequirement: Requires an authenticated user.
2025-05-08 13:41:34.424 +03:30 [INF] AuthenticationScheme: OpenIdConnect was challenged.
2025-05-08 13:41:34.425 +03:30 [INF] Request finished HTTP/2 GET https://localhost:7023/ - 302 0 null 8.7211ms
2025-05-08 13:41:49.727 +03:30 [INF] Request starting HTTP/2 POST https://localhost:7023/signin-oidc - application/x-www-form-urlencoded 620
2025-05-08 13:41:49.748 +03:30 [INF] AuthenticationScheme: Cookies signed in.
2025-05-08 13:41:49.750 +03:30 [INF] Request finished HTTP/2 POST https://localhost:7023/signin-oidc - 302 0 null 22.7268ms
2025-05-08 13:41:49.753 +03:30 [INF] Request starting HTTP/2 GET https://localhost:7023/ - null null
2025-05-08 13:41:49.758 +03:30 [INF] Executing endpoint 'AnimalIdentifier.WebUI.Controllers.HomeController.Index (AnimalIdentifier.WebUI)'
2025-05-08 13:41:49.759 +03:30 [INF] Route matched with {action = "Index", controller = "Home"}. Executing controller action with signature System.Threading.Tasks.Task`1[Microsoft.AspNetCore.Mvc.IActionResult] Index() on controller AnimalIdentifier.WebUI.Controllers.HomeController (AnimalIdentifier.WebUI).
2025-05-08 13:41:49.774 +03:30 [INF] Executing SignOutResult with authentication schemes (["OpenIdConnect","Cookies"]).
2025-05-08 13:41:49.776 +03:30 [INF] AuthenticationScheme: OpenIdConnect signed out.
2025-05-08 13:41:49.777 +03:30 [INF] AuthenticationScheme: Cookies signed out.
2025-05-08 13:41:49.778 +03:30 [INF] Executed action AnimalIdentifier.WebUI.Controllers.HomeController.Index (AnimalIdentifier.WebUI) in 17.6887ms
2025-05-08 13:41:49.779 +03:30 [INF] Executed endpoint 'AnimalIdentifier.WebUI.Controllers.HomeController.Index (AnimalIdentifier.WebUI)'
2025-05-08 13:41:49.780 +03:30 [INF] Request finished HTTP/2 GET https://localhost:7023/ - 302 0 null 27.1539ms
2025-05-08 13:41:49.788 +03:30 [INF] Request starting HTTP/2 GET https://localhost:7023/signout-callback-oidc?state=CfDJ8JQyvP6gemRMogPZtIpfOy31i1nx_AHQh6Xb5Qr4_Gk3qHMDeYGZZsleBFffWZWPkmBc4hKK88yoBr2XB3_ODcehurZGtTJPmMiGRaexWzPwXCn8vNIbdNI9wrJmZ65kb68U1StPOf_jwfvOBAiFWN6yK9fegS1jT0prFzmrtgtP - null null
2025-05-08 13:41:49.792 +03:30 [INF] Request finished HTTP/2 GET https://localhost:7023/signout-callback-oidc?state=CfDJ8JQyvP6gemRMogPZtIpfOy31i1nx_AHQh6Xb5Qr4_Gk3qHMDeYGZZsleBFffWZWPkmBc4hKK88yoBr2XB3_ODcehurZGtTJPmMiGRaexWzPwXCn8vNIbdNI9wrJmZ65kb68U1StPOf_jwfvOBAiFWN6yK9fegS1jT0prFzmrtgtP - 302 0 null 4.5604ms
2025-05-08 13:41:49.794 +03:30 [INF] Request starting HTTP/2 GET https://localhost:7023/ - null null
2025-05-08 13:41:49.798 +03:30 [INF] Authorization failed. These requirements were not met:
DenyAnonymousAuthorizationRequirement: Requires an authenticated user.
2025-05-08 13:41:49.799 +03:30 [INF] AuthenticationScheme: OpenIdConnect was challenged.
2025-05-08 13:41:49.800 +03:30 [INF] Request finished HTTP/2 GET https://localhost:7023/ - 302 0 null 6.0563ms
2025-05-08 13:42:54.775 +03:30 [INF] Request starting HTTP/2 POST https://localhost:7023/signin-oidc - application/x-www-form-urlencoded 620
2025-05-08 13:42:54.800 +03:30 [INF] AuthenticationScheme: Cookies signed in.
2025-05-08 13:42:54.801 +03:30 [INF] Request finished HTTP/2 POST https://localhost:7023/signin-oidc - 302 0 null 26.0337ms
2025-05-08 13:42:54.804 +03:30 [INF] Request starting HTTP/2 GET https://localhost:7023/ - null null
2025-05-08 13:42:54.808 +03:30 [INF] Executing endpoint 'AnimalIdentifier.WebUI.Controllers.HomeController.Index (AnimalIdentifier.WebUI)'
2025-05-08 13:42:54.809 +03:30 [INF] Route matched with {action = "Index", controller = "Home"}. Executing controller action with signature System.Threading.Tasks.Task`1[Microsoft.AspNetCore.Mvc.IActionResult] Index() on controller AnimalIdentifier.WebUI.Controllers.HomeController (AnimalIdentifier.WebUI).
2025-05-08 13:42:54.824 +03:30 [INF] Executing SignOutResult with authentication schemes (["OpenIdConnect","Cookies"]).
2025-05-08 13:42:54.826 +03:30 [INF] AuthenticationScheme: OpenIdConnect signed out.
2025-05-08 13:42:54.827 +03:30 [INF] AuthenticationScheme: Cookies signed out.
2025-05-08 13:42:54.828 +03:30 [INF] Executed action AnimalIdentifier.WebUI.Controllers.HomeController.Index (AnimalIdentifier.WebUI) in 17.2484ms
2025-05-08 13:42:54.829 +03:30 [INF] Executed endpoint 'AnimalIdentifier.WebUI.Controllers.HomeController.Index (AnimalIdentifier.WebUI)'
2025-05-08 13:42:54.830 +03:30 [INF] Request finished HTTP/2 GET https://localhost:7023/ - 302 0 null 26.1769ms
2025-05-08 13:42:54.837 +03:30 [INF] Request starting HTTP/2 GET https://localhost:7023/signout-callback-oidc?state=CfDJ8JQyvP6gemRMogPZtIpfOy1EzVaZ7XCkFhJLd1inkKKoTJo0B9cVj1aXZTC3IQqR3KkrKNe02IWURqF4BWkgQwtUyCtbdhDfbhpWLDB9VkI6IvaNMnFgN5s2DEM3nRJnevHzGULe7BMmiYT_nxfV1Qz8f7Ek7SCpubIaWUWmdG2p - null null
2025-05-08 13:42:54.841 +03:30 [INF] Request finished HTTP/2 GET https://localhost:7023/signout-callback-oidc?state=CfDJ8JQyvP6gemRMogPZtIpfOy1EzVaZ7XCkFhJLd1inkKKoTJo0B9cVj1aXZTC3IQqR3KkrKNe02IWURqF4BWkgQwtUyCtbdhDfbhpWLDB9VkI6IvaNMnFgN5s2DEM3nRJnevHzGULe7BMmiYT_nxfV1Qz8f7Ek7SCpubIaWUWmdG2p - 302 0 null 3.8756ms
2025-05-08 13:42:54.843 +03:30 [INF] Request starting HTTP/2 GET https://localhost:7023/ - null null
2025-05-08 13:42:54.847 +03:30 [INF] Authorization failed. These requirements were not met:
DenyAnonymousAuthorizationRequirement: Requires an authenticated user.
2025-05-08 13:42:54.848 +03:30 [INF] AuthenticationScheme: OpenIdConnect was challenged.
2025-05-08 13:42:54.849 +03:30 [INF] Request finished HTTP/2 GET https://localhost:7023/ - 302 0 null 6.1303ms
2025-05-08 13:47:41.888 +03:30 [INF] User profile is available. Using 'C:\Users\ghand\AppData\Local\ASP.NET\DataProtection-Keys' as key repository and Windows DPAPI to encrypt keys at rest.
2025-05-08 13:47:42.010 +03:30 [INF] Now listening on: https://localhost:7023
2025-05-08 13:47:42.012 +03:30 [INF] Now listening on: http://localhost:5212
2025-05-08 13:47:42.047 +03:30 [INF] Application started. Press Ctrl+C to shut down.
2025-05-08 13:47:42.048 +03:30 [INF] Hosting environment: Development
2025-05-08 13:47:42.049 +03:30 [INF] Content root path: D:\Asrin Pakzad\AnimalSystem-DDD-Keycloak\AnimalIdentifier.WebUI
2025-05-08 13:47:42.428 +03:30 [INF] Request starting HTTP/2 GET https://localhost:7023/ - null null
2025-05-08 13:47:42.525 +03:30 [INF] Authorization failed. These requirements were not met:
DenyAnonymousAuthorizationRequirement: Requires an authenticated user.
2025-05-08 13:47:42.580 +03:30 [INF] AuthenticationScheme: OpenIdConnect was challenged.
2025-05-08 13:47:42.584 +03:30 [INF] Request finished HTTP/2 GET https://localhost:7023/ - 302 0 null 157.0574ms
2025-05-08 13:48:37.170 +03:30 [INF] Request starting HTTP/2 POST https://localhost:7023/signin-oidc - application/x-www-form-urlencoded 620
2025-05-08 13:48:37.303 +03:30 [INF] AuthenticationScheme: Cookies signed in.
2025-05-08 13:48:37.306 +03:30 [INF] Request finished HTTP/2 POST https://localhost:7023/signin-oidc - 302 0 null 135.359ms
2025-05-08 13:48:37.314 +03:30 [INF] Request starting HTTP/2 GET https://localhost:7023/ - null null
2025-05-08 13:48:37.327 +03:30 [INF] Executing endpoint 'AnimalIdentifier.WebUI.Controllers.HomeController.Index (AnimalIdentifier.WebUI)'
2025-05-08 13:48:37.363 +03:30 [INF] Route matched with {action = "Index", controller = "Home"}. Executing controller action with signature System.Threading.Tasks.Task`1[Microsoft.AspNetCore.Mvc.IActionResult] Index() on controller AnimalIdentifier.WebUI.Controllers.HomeController (AnimalIdentifier.WebUI).
2025-05-08 13:48:49.828 +03:30 [INF] Executing SignOutResult with authentication schemes (["OpenIdConnect","Cookies"]).
2025-05-08 13:48:49.834 +03:30 [INF] AuthenticationScheme: OpenIdConnect signed out.
2025-05-08 13:48:49.835 +03:30 [INF] AuthenticationScheme: Cookies signed out.
2025-05-08 13:48:49.839 +03:30 [INF] Executed action AnimalIdentifier.WebUI.Controllers.HomeController.Index (AnimalIdentifier.WebUI) in 12470.5313ms
2025-05-08 13:48:49.840 +03:30 [INF] Executed endpoint 'AnimalIdentifier.WebUI.Controllers.HomeController.Index (AnimalIdentifier.WebUI)'
2025-05-08 13:48:49.841 +03:30 [INF] Request finished HTTP/2 GET https://localhost:7023/ - 302 0 null 12527.1123ms
2025-05-08 13:48:49.853 +03:30 [INF] Request starting HTTP/2 GET https://localhost:7023/signout-callback-oidc?state=CfDJ8JQyvP6gemRMogPZtIpfOy1z7iOvVfTvw8X124F21NG5wQdGAesG9QEnMt8L60rvePZpVzhtHYfywCrWaD-YMxE5VOJ7WRVlmg3JqYqOeWO9gGYM88SQN1RF5zrwZMv8w1viJiuN7Jeb9z3bDUrcqWN9lSK-GXZPCGsMLaBTHYUR - null null
2025-05-08 13:48:49.860 +03:30 [INF] Request finished HTTP/2 GET https://localhost:7023/signout-callback-oidc?state=CfDJ8JQyvP6gemRMogPZtIpfOy1z7iOvVfTvw8X124F21NG5wQdGAesG9QEnMt8L60rvePZpVzhtHYfywCrWaD-YMxE5VOJ7WRVlmg3JqYqOeWO9gGYM88SQN1RF5zrwZMv8w1viJiuN7Jeb9z3bDUrcqWN9lSK-GXZPCGsMLaBTHYUR - 302 0 null 6.4621ms
2025-05-08 13:48:49.862 +03:30 [INF] Request starting HTTP/2 GET https://localhost:7023/ - null null
2025-05-08 13:48:49.868 +03:30 [INF] Authorization failed. These requirements were not met:
DenyAnonymousAuthorizationRequirement: Requires an authenticated user.
2025-05-08 13:48:49.869 +03:30 [INF] AuthenticationScheme: OpenIdConnect was challenged.
2025-05-08 13:48:49.869 +03:30 [INF] Request finished HTTP/2 GET https://localhost:7023/ - 302 0 null 6.9206ms
2025-05-08 13:49:00.780 +03:30 [INF] Request starting HTTP/2 POST https://localhost:7023/signin-oidc - application/x-www-form-urlencoded 620
2025-05-08 13:49:00.802 +03:30 [INF] AuthenticationScheme: Cookies signed in.
2025-05-08 13:49:00.803 +03:30 [INF] Request finished HTTP/2 POST https://localhost:7023/signin-oidc - 302 0 null 23.5771ms
2025-05-08 13:49:00.807 +03:30 [INF] Request starting HTTP/2 GET https://localhost:7023/ - null null
2025-05-08 13:49:00.813 +03:30 [INF] Executing endpoint 'AnimalIdentifier.WebUI.Controllers.HomeController.Index (AnimalIdentifier.WebUI)'
2025-05-08 13:49:00.814 +03:30 [INF] Route matched with {action = "Index", controller = "Home"}. Executing controller action with signature System.Threading.Tasks.Task`1[Microsoft.AspNetCore.Mvc.IActionResult] Index() on controller AnimalIdentifier.WebUI.Controllers.HomeController (AnimalIdentifier.WebUI).
2025-05-08 13:49:45.539 +03:30 [INF] Executing SignOutResult with authentication schemes (["OpenIdConnect","Cookies"]).
2025-05-08 13:49:45.550 +03:30 [INF] AuthenticationScheme: OpenIdConnect signed out.
2025-05-08 13:49:45.551 +03:30 [INF] AuthenticationScheme: Cookies signed out.
2025-05-08 13:49:45.552 +03:30 [INF] Executed action AnimalIdentifier.WebUI.Controllers.HomeController.Index (AnimalIdentifier.WebUI) in 44735.9529ms
2025-05-08 13:49:45.553 +03:30 [INF] Executed endpoint 'AnimalIdentifier.WebUI.Controllers.HomeController.Index (AnimalIdentifier.WebUI)'
2025-05-08 13:49:45.554 +03:30 [INF] Request finished HTTP/2 GET https://localhost:7023/ - 302 0 null 44747.447ms
2025-05-08 13:49:45.565 +03:30 [INF] Request starting HTTP/2 GET https://localhost:7023/signout-callback-oidc?state=CfDJ8JQyvP6gemRMogPZtIpfOy2UZG2WCf7qwrQ6PHQtyGq4ryxpOnIL7JrUG_CLVHqfROFn0-QqrAEJDQB9fJS6k98X5HlwHRbgTKCAErvwEkI_rBwCBXp3t0CkOm-1JCnwWYDO1GVr5uxCxjxZ6d7Q0z3tV0LbIarOqyUSLYrGA39t - null null
2025-05-08 13:49:45.570 +03:30 [INF] Request finished HTTP/2 GET https://localhost:7023/signout-callback-oidc?state=CfDJ8JQyvP6gemRMogPZtIpfOy2UZG2WCf7qwrQ6PHQtyGq4ryxpOnIL7JrUG_CLVHqfROFn0-QqrAEJDQB9fJS6k98X5HlwHRbgTKCAErvwEkI_rBwCBXp3t0CkOm-1JCnwWYDO1GVr5uxCxjxZ6d7Q0z3tV0LbIarOqyUSLYrGA39t - 302 0 null 5.6803ms
2025-05-08 13:49:45.573 +03:30 [INF] Request starting HTTP/2 GET https://localhost:7023/ - null null
2025-05-08 13:49:45.578 +03:30 [INF] Authorization failed. These requirements were not met:
DenyAnonymousAuthorizationRequirement: Requires an authenticated user.
2025-05-08 13:49:45.579 +03:30 [INF] AuthenticationScheme: OpenIdConnect was challenged.
2025-05-08 13:49:45.580 +03:30 [INF] Request finished HTTP/2 GET https://localhost:7023/ - 302 0 null 6.1052ms
2025-05-08 13:51:12.252 +03:30 [INF] User profile is available. Using 'C:\Users\ghand\AppData\Local\ASP.NET\DataProtection-Keys' as key repository and Windows DPAPI to encrypt keys at rest.
2025-05-08 13:51:12.337 +03:30 [INF] Now listening on: https://localhost:7023
2025-05-08 13:51:12.339 +03:30 [INF] Now listening on: http://localhost:5212
2025-05-08 13:51:12.368 +03:30 [INF] Application started. Press Ctrl+C to shut down.
2025-05-08 13:51:12.369 +03:30 [INF] Hosting environment: Development
2025-05-08 13:51:12.370 +03:30 [INF] Content root path: D:\Asrin Pakzad\AnimalSystem-DDD-Keycloak\AnimalIdentifier.WebUI
2025-05-08 13:51:12.556 +03:30 [INF] Request starting HTTP/2 GET https://localhost:7023/ - null null
2025-05-08 13:51:12.613 +03:30 [INF] Authorization failed. These requirements were not met:
DenyAnonymousAuthorizationRequirement: Requires an authenticated user.
2025-05-08 13:51:12.662 +03:30 [INF] AuthenticationScheme: OpenIdConnect was challenged.
2025-05-08 13:51:12.666 +03:30 [INF] Request finished HTTP/2 GET https://localhost:7023/ - 302 0 null 111.2154ms
2025-05-08 13:51:23.004 +03:30 [INF] Request starting HTTP/2 POST https://localhost:7023/signin-oidc - application/x-www-form-urlencoded 620
2025-05-08 13:51:23.084 +03:30 [INF] AuthenticationScheme: Cookies signed in.
2025-05-08 13:51:23.086 +03:30 [INF] Request finished HTTP/2 POST https://localhost:7023/signin-oidc - 302 0 null 82.292ms
2025-05-08 13:51:23.091 +03:30 [INF] Request starting HTTP/2 GET https://localhost:7023/ - null null
2025-05-08 13:51:23.099 +03:30 [INF] Executing endpoint 'AnimalIdentifier.WebUI.Controllers.HomeController.Index (AnimalIdentifier.WebUI)'
2025-05-08 13:51:23.113 +03:30 [INF] Route matched with {action = "Index", controller = "Home"}. Executing controller action with signature System.Threading.Tasks.Task`1[Microsoft.AspNetCore.Mvc.IActionResult] Index() on controller AnimalIdentifier.WebUI.Controllers.HomeController (AnimalIdentifier.WebUI).
2025-05-08 13:51:23.193 +03:30 [INF] Executing SignOutResult with authentication schemes (["OpenIdConnect","Cookies"]).
2025-05-08 13:51:23.198 +03:30 [INF] AuthenticationScheme: OpenIdConnect signed out.
2025-05-08 13:51:23.199 +03:30 [INF] AuthenticationScheme: Cookies signed out.
2025-05-08 13:51:23.202 +03:30 [INF] Executed action AnimalIdentifier.WebUI.Controllers.HomeController.Index (AnimalIdentifier.WebUI) in 85.6416ms
2025-05-08 13:51:23.203 +03:30 [INF] Executed endpoint 'AnimalIdentifier.WebUI.Controllers.HomeController.Index (AnimalIdentifier.WebUI)'
2025-05-08 13:51:23.204 +03:30 [INF] Request finished HTTP/2 GET https://localhost:7023/ - 302 0 null 112.1991ms
2025-05-08 13:51:23.211 +03:30 [INF] Request starting HTTP/2 GET https://localhost:7023/signout-callback-oidc?state=CfDJ8JQyvP6gemRMogPZtIpfOy0gEYNWYONnr1y3-PZSd4zuhj3i7VnPo5ne14xFG-hOGPPiV5idSx6tjpHkaW9ZRjSiGFkEs0yYsoiYqnHJcAbNA17O-2WB1Zc3Mr8huh5VDVeZ5nuUsQPCKpjJ-cXVGarltjJTk0AOSn88q7Q_jdwI - null null
2025-05-08 13:51:23.224 +03:30 [INF] Request finished HTTP/2 GET https://localhost:7023/signout-callback-oidc?state=CfDJ8JQyvP6gemRMogPZtIpfOy0gEYNWYONnr1y3-PZSd4zuhj3i7VnPo5ne14xFG-hOGPPiV5idSx6tjpHkaW9ZRjSiGFkEs0yYsoiYqnHJcAbNA17O-2WB1Zc3Mr8huh5VDVeZ5nuUsQPCKpjJ-cXVGarltjJTk0AOSn88q7Q_jdwI - 302 0 null 12.4686ms
2025-05-08 13:51:23.226 +03:30 [INF] Request starting HTTP/2 GET https://localhost:7023/ - null null
2025-05-08 13:51:23.234 +03:30 [INF] Authorization failed. These requirements were not met:
DenyAnonymousAuthorizationRequirement: Requires an authenticated user.
2025-05-08 13:51:23.235 +03:30 [INF] AuthenticationScheme: OpenIdConnect was challenged.
2025-05-08 13:51:23.236 +03:30 [INF] Request finished HTTP/2 GET https://localhost:7023/ - 302 0 null 10.411ms
2025-05-08 13:51:54.522 +03:30 [INF] Request starting HTTP/2 POST https://localhost:7023/signin-oidc - application/x-www-form-urlencoded 620
2025-05-08 13:51:54.530 +03:30 [WRN] '.AspNetCore.Correlation.m2XScKPnlYgYjzJJQMGD8wv9_NOILwEV4vpyt8jni5U' cookie not found.
2025-05-08 13:51:54.532 +03:30 [INF] Error from RemoteAuthentication: Correlation failed..
2025-05-08 13:51:54.540 +03:30 [ERR] An unhandled exception has occurred while executing the request.
Microsoft.AspNetCore.Authentication.AuthenticationFailureException: An error was encountered while handling the remote login.
 ---> Microsoft.AspNetCore.Authentication.AuthenticationFailureException: Correlation failed.
   --- End of inner exception stack trace ---
   at Microsoft.AspNetCore.Authentication.RemoteAuthenticationHandler`1.HandleRequestAsync()
   at Microsoft.AspNetCore.Authentication.AuthenticationMiddleware.Invoke(HttpContext context)
   at Microsoft.AspNetCore.Diagnostics.DeveloperExceptionPageMiddlewareImpl.Invoke(HttpContext context)
2025-05-08 13:51:54.574 +03:30 [INF] Request finished HTTP/2 POST https://localhost:7023/signin-oidc - 500 null text/html; charset=utf-8 52.4331ms
2025-05-08 13:51:54.582 +03:30 [INF] Request starting HTTP/2 GET https://localhost:7023/_vs/browserLink - null null
2025-05-08 13:51:54.583 +03:30 [INF] Request starting HTTP/2 GET https://localhost:7023/_framework/aspnetcore-browser-refresh.js - null null
2025-05-08 13:51:54.592 +03:30 [INF] Request finished HTTP/2 GET https://localhost:7023/_framework/aspnetcore-browser-refresh.js - 200 16529 application/javascript; charset=utf-8 9.4638ms
2025-05-08 13:51:54.609 +03:30 [INF] Request finished HTTP/2 GET https://localhost:7023/_vs/browserLink - 200 null text/javascript; charset=UTF-8 26.4383ms
2025-05-08 13:51:54.624 +03:30 [INF] Request starting HTTP/2 GET https://localhost:7023/favicon.ico - null null
2025-05-08 13:51:54.637 +03:30 [INF] Sending file. Request path: '/favicon.ico'. Physical path: 'D:\Asrin Pakzad\AnimalSystem-DDD-Keycloak\AnimalIdentifier.WebUI\wwwroot\favicon.ico'
2025-05-08 13:51:54.639 +03:30 [INF] Request finished HTTP/2 GET https://localhost:7023/favicon.ico - 200 5430 image/x-icon 14.8727ms
2025-05-08 13:54:44.029 +03:30 [INF] Request starting HTTP/2 POST https://localhost:7023/signin-oidc - application/x-www-form-urlencoded 620
2025-05-08 13:54:44.039 +03:30 [WRN] '.AspNetCore.Correlation.m2XScKPnlYgYjzJJQMGD8wv9_NOILwEV4vpyt8jni5U' cookie not found.
2025-05-08 13:54:44.041 +03:30 [INF] Error from RemoteAuthentication: Correlation failed..
2025-05-08 13:54:44.043 +03:30 [ERR] An unhandled exception has occurred while executing the request.
Microsoft.AspNetCore.Authentication.AuthenticationFailureException: An error was encountered while handling the remote login.
 ---> Microsoft.AspNetCore.Authentication.AuthenticationFailureException: Correlation failed.
   --- End of inner exception stack trace ---
   at Microsoft.AspNetCore.Authentication.RemoteAuthenticationHandler`1.HandleRequestAsync()
   at Microsoft.AspNetCore.Authentication.AuthenticationMiddleware.Invoke(HttpContext context)
   at Microsoft.AspNetCore.Diagnostics.DeveloperExceptionPageMiddlewareImpl.Invoke(HttpContext context)
2025-05-08 13:54:44.047 +03:30 [INF] Request finished HTTP/2 POST https://localhost:7023/signin-oidc - 500 null text/html; charset=utf-8 17.755ms
2025-05-08 13:54:44.057 +03:30 [INF] Request starting HTTP/2 GET https://localhost:7023/_framework/aspnetcore-browser-refresh.js - null null
2025-05-08 13:54:44.057 +03:30 [INF] Request starting HTTP/2 GET https://localhost:7023/_vs/browserLink - null null
2025-05-08 13:54:44.061 +03:30 [INF] Request finished HTTP/2 GET https://localhost:7023/_framework/aspnetcore-browser-refresh.js - 200 16529 application/javascript; charset=utf-8 3.9703ms
2025-05-08 13:54:44.072 +03:30 [INF] Request finished HTTP/2 GET https://localhost:7023/_vs/browserLink - 200 null text/javascript; charset=UTF-8 14.6071ms
2025-05-08 13:54:44.082 +03:30 [INF] Request starting HTTP/2 GET https://localhost:7023/favicon.ico - null null
2025-05-08 13:54:44.088 +03:30 [INF] Sending file. Request path: '/favicon.ico'. Physical path: 'D:\Asrin Pakzad\AnimalSystem-DDD-Keycloak\AnimalIdentifier.WebUI\wwwroot\favicon.ico'
2025-05-08 13:54:44.090 +03:30 [INF] Request finished HTTP/2 GET https://localhost:7023/favicon.ico - 200 5430 image/x-icon 7.1573ms
2025-05-08 13:55:06.035 +03:30 [INF] User profile is available. Using 'C:\Users\ghand\AppData\Local\ASP.NET\DataProtection-Keys' as key repository and Windows DPAPI to encrypt keys at rest.
2025-05-08 13:55:06.126 +03:30 [INF] Now listening on: https://localhost:7023
2025-05-08 13:55:06.128 +03:30 [INF] Now listening on: http://localhost:5212
2025-05-08 13:55:06.157 +03:30 [INF] Application started. Press Ctrl+C to shut down.
2025-05-08 13:55:06.158 +03:30 [INF] Hosting environment: Development
2025-05-08 13:55:06.159 +03:30 [INF] Content root path: D:\Asrin Pakzad\AnimalSystem-DDD-Keycloak\AnimalIdentifier.WebUI
2025-05-08 13:55:06.290 +03:30 [INF] Request starting HTTP/2 GET https://localhost:7023/ - null null
2025-05-08 13:55:06.349 +03:30 [INF] Authorization failed. These requirements were not met:
DenyAnonymousAuthorizationRequirement: Requires an authenticated user.
2025-05-08 13:55:10.395 +03:30 [ERR] An unhandled exception has occurred while executing the request.
System.InvalidOperationException: IDX20803: Unable to obtain configuration from: 'http://localhost:8080/realms/AnimalRealm/.well-known/openid-configuration'. Will retry at '5/8/2025 10:25:10 AM +00:00'. Exception: 'System.IO.IOException: IDX20804: Unable to retrieve document from: '[PII of type 'System.String' is hidden. For more details, see https://aka.ms/IdentityModel/PII.]'.
 ---> System.Net.Http.HttpRequestException: No connection could be made because the target machine actively refused it. (localhost:8080)
 ---> System.Net.Sockets.SocketException (10061): No connection could be made because the target machine actively refused it.
   at System.Net.Sockets.Socket.AwaitableSocketAsyncEventArgs.ThrowException(SocketError error, CancellationToken cancellationToken)
   at System.Net.Sockets.Socket.AwaitableSocketAsyncEventArgs.System.Threading.Tasks.Sources.IValueTaskSource.GetResult(Int16 token)
   at System.Net.Sockets.Socket.<ConnectAsync>g__WaitForConnectWithCancellation|285_0(AwaitableSocketAsyncEventArgs saea, ValueTask connectTask, CancellationToken cancellationToken)
   at System.Net.Http.HttpConnectionPool.ConnectToTcpHostAsync(String host, Int32 port, HttpRequestMessage initialRequest, Boolean async, CancellationToken cancellationToken)
   --- End of inner exception stack trace ---
   at System.Net.Http.HttpConnectionPool.ConnectToTcpHostAsync(String host, Int32 port, HttpRequestMessage initialRequest, Boolean async, CancellationToken cancellationToken)
   at System.Net.Http.HttpConnectionPool.ConnectAsync(HttpRequestMessage request, Boolean async, CancellationToken cancellationToken)
   at System.Net.Http.HttpConnectionPool.CreateHttp11ConnectionAsync(HttpRequestMessage request, Boolean async, CancellationToken cancellationToken)
   at System.Net.Http.HttpConnectionPool.AddHttp11ConnectionAsync(QueueItem queueItem)
   at System.Threading.Tasks.TaskCompletionSourceWithCancellation`1.WaitWithCancellationAsync(CancellationToken cancellationToken)
   at System.Net.Http.HttpConnectionPool.SendWithVersionDetectionAndRetryAsync(HttpRequestMessage request, Boolean async, Boolean doRequestAuth, CancellationToken cancellationToken)
   at System.Net.Http.DiagnosticsHandler.SendAsyncCore(HttpRequestMessage request, Boolean async, CancellationToken cancellationToken)
   at System.Net.Http.RedirectHandler.SendAsync(HttpRequestMessage request, Boolean async, CancellationToken cancellationToken)
   at System.Net.Http.HttpClient.<SendAsync>g__Core|83_0(HttpRequestMessage request, HttpCompletionOption completionOption, CancellationTokenSource cts, Boolean disposeCts, CancellationTokenSource pendingRequestsCts, CancellationToken originalCancellationToken)
   at Microsoft.IdentityModel.Protocols.HttpDocumentRetriever.SendAsyncAndRetryOnNetworkError(HttpClient httpClient, Uri uri)
   at Microsoft.IdentityModel.Protocols.HttpDocumentRetriever.GetDocumentAsync(String address, CancellationToken cancel)
   --- End of inner exception stack trace ---
   at Microsoft.IdentityModel.Protocols.HttpDocumentRetriever.GetDocumentAsync(String address, CancellationToken cancel)
   at Microsoft.IdentityModel.Protocols.OpenIdConnect.OpenIdConnectConfigurationRetriever.GetAsync(String address, IDocumentRetriever retriever, CancellationToken cancel)
   at Microsoft.IdentityModel.Protocols.ConfigurationManager`1.GetConfigurationAsync(CancellationToken cancel)'.
 ---> System.IO.IOException: IDX20804: Unable to retrieve document from: '[PII of type 'System.String' is hidden. For more details, see https://aka.ms/IdentityModel/PII.]'.
 ---> System.Net.Http.HttpRequestException: No connection could be made because the target machine actively refused it. (localhost:8080)
 ---> System.Net.Sockets.SocketException (10061): No connection could be made because the target machine actively refused it.
   at System.Net.Sockets.Socket.AwaitableSocketAsyncEventArgs.ThrowException(SocketError error, CancellationToken cancellationToken)
   at System.Net.Sockets.Socket.AwaitableSocketAsyncEventArgs.System.Threading.Tasks.Sources.IValueTaskSource.GetResult(Int16 token)
   at System.Net.Sockets.Socket.<ConnectAsync>g__WaitForConnectWithCancellation|285_0(AwaitableSocketAsyncEventArgs saea, ValueTask connectTask, CancellationToken cancellationToken)
   at System.Net.Http.HttpConnectionPool.ConnectToTcpHostAsync(String host, Int32 port, HttpRequestMessage initialRequest, Boolean async, CancellationToken cancellationToken)
   --- End of inner exception stack trace ---
   at System.Net.Http.HttpConnectionPool.ConnectToTcpHostAsync(String host, Int32 port, HttpRequestMessage initialRequest, Boolean async, CancellationToken cancellationToken)
   at System.Net.Http.HttpConnectionPool.ConnectAsync(HttpRequestMessage request, Boolean async, CancellationToken cancellationToken)
   at System.Net.Http.HttpConnectionPool.CreateHttp11ConnectionAsync(HttpRequestMessage request, Boolean async, CancellationToken cancellationToken)
   at System.Net.Http.HttpConnectionPool.AddHttp11ConnectionAsync(QueueItem queueItem)
   at System.Threading.Tasks.TaskCompletionSourceWithCancellation`1.WaitWithCancellationAsync(CancellationToken cancellationToken)
   at System.Net.Http.HttpConnectionPool.SendWithVersionDetectionAndRetryAsync(HttpRequestMessage request, Boolean async, Boolean doRequestAuth, CancellationToken cancellationToken)
   at System.Net.Http.DiagnosticsHandler.SendAsyncCore(HttpRequestMessage request, Boolean async, CancellationToken cancellationToken)
   at System.Net.Http.RedirectHandler.SendAsync(HttpRequestMessage request, Boolean async, CancellationToken cancellationToken)
   at System.Net.Http.HttpClient.<SendAsync>g__Core|83_0(HttpRequestMessage request, HttpCompletionOption completionOption, CancellationTokenSource cts, Boolean disposeCts, CancellationTokenSource pendingRequestsCts, CancellationToken originalCancellationToken)
   at Microsoft.IdentityModel.Protocols.HttpDocumentRetriever.SendAsyncAndRetryOnNetworkError(HttpClient httpClient, Uri uri)
   at Microsoft.IdentityModel.Protocols.HttpDocumentRetriever.GetDocumentAsync(String address, CancellationToken cancel)
   --- End of inner exception stack trace ---
   at Microsoft.IdentityModel.Protocols.HttpDocumentRetriever.GetDocumentAsync(String address, CancellationToken cancel)
   at Microsoft.IdentityModel.Protocols.OpenIdConnect.OpenIdConnectConfigurationRetriever.GetAsync(String address, IDocumentRetriever retriever, CancellationToken cancel)
   at Microsoft.IdentityModel.Protocols.ConfigurationManager`1.GetConfigurationAsync(CancellationToken cancel)
   --- End of inner exception stack trace ---
   at Microsoft.IdentityModel.Protocols.ConfigurationManager`1.GetConfigurationAsync(CancellationToken cancel)
   at Microsoft.AspNetCore.Authentication.OpenIdConnect.OpenIdConnectHandler.HandleChallengeAsyncInternal(AuthenticationProperties properties)
   at Microsoft.AspNetCore.Authentication.OpenIdConnect.OpenIdConnectHandler.HandleChallengeAsync(AuthenticationProperties properties)
   at Microsoft.AspNetCore.Authentication.AuthenticationHandler`1.ChallengeAsync(AuthenticationProperties properties)
   at Microsoft.AspNetCore.Authentication.AuthenticationService.ChallengeAsync(HttpContext context, String scheme, AuthenticationProperties properties)
   at Microsoft.AspNetCore.Authorization.Policy.AuthorizationMiddlewareResultHandler.<>c__DisplayClass0_0.<<HandleAsync>g__Handle|0>d.MoveNext()
--- End of stack trace from previous location ---
   at Microsoft.AspNetCore.Authorization.AuthorizationMiddleware.Invoke(HttpContext context)
   at Microsoft.AspNetCore.Authentication.AuthenticationMiddleware.Invoke(HttpContext context)
   at Microsoft.AspNetCore.Diagnostics.DeveloperExceptionPageMiddlewareImpl.Invoke(HttpContext context)
2025-05-08 13:55:10.428 +03:30 [INF] Request finished HTTP/2 GET https://localhost:7023/ - 500 null text/html; charset=utf-8 4139.363ms
2025-05-08 13:55:10.435 +03:30 [INF] Request starting HTTP/2 GET https://localhost:7023/_vs/browserLink - null null
2025-05-08 13:55:10.435 +03:30 [INF] Request starting HTTP/2 GET https://localhost:7023/_framework/aspnetcore-browser-refresh.js - null null
2025-05-08 13:55:10.442 +03:30 [INF] Request finished HTTP/2 GET https://localhost:7023/_framework/aspnetcore-browser-refresh.js - 200 16529 application/javascript; charset=utf-8 7.2955ms
2025-05-08 13:55:10.453 +03:30 [INF] Request finished HTTP/2 GET https://localhost:7023/_vs/browserLink - 200 null text/javascript; charset=UTF-8 18.5607ms
2025-05-08 13:55:10.483 +03:30 [INF] Request starting HTTP/2 GET https://localhost:7023/favicon.ico - null null
2025-05-08 13:55:10.494 +03:30 [INF] Sending file. Request path: '/favicon.ico'. Physical path: 'D:\Asrin Pakzad\AnimalSystem-DDD-Keycloak\AnimalIdentifier.WebUI\wwwroot\favicon.ico'
2025-05-08 13:55:10.495 +03:30 [INF] Request finished HTTP/2 GET https://localhost:7023/favicon.ico - 200 5430 image/x-icon 11.4547ms
2025-05-08 13:55:25.205 +03:30 [INF] Request starting HTTP/2 GET https://localhost:7023/ - null null
2025-05-08 13:55:25.217 +03:30 [INF] Authorization failed. These requirements were not met:
DenyAnonymousAuthorizationRequirement: Requires an authenticated user.
2025-05-08 13:55:29.329 +03:30 [ERR] An unhandled exception has occurred while executing the request.
System.InvalidOperationException: IDX20803: Unable to obtain configuration from: 'http://localhost:8080/realms/AnimalRealm/.well-known/openid-configuration'. Will retry at '5/8/2025 10:25:29 AM +00:00'. Exception: 'System.IO.IOException: IDX20804: Unable to retrieve document from: '[PII of type 'System.String' is hidden. For more details, see https://aka.ms/IdentityModel/PII.]'.
 ---> System.Net.Http.HttpRequestException: No connection could be made because the target machine actively refused it. (localhost:8080)
 ---> System.Net.Sockets.SocketException (10061): No connection could be made because the target machine actively refused it.
   at System.Net.Sockets.Socket.AwaitableSocketAsyncEventArgs.ThrowException(SocketError error, CancellationToken cancellationToken)
   at System.Net.Sockets.Socket.AwaitableSocketAsyncEventArgs.System.Threading.Tasks.Sources.IValueTaskSource.GetResult(Int16 token)
   at System.Net.Sockets.Socket.<ConnectAsync>g__WaitForConnectWithCancellation|285_0(AwaitableSocketAsyncEventArgs saea, ValueTask connectTask, CancellationToken cancellationToken)
   at System.Net.Http.HttpConnectionPool.ConnectToTcpHostAsync(String host, Int32 port, HttpRequestMessage initialRequest, Boolean async, CancellationToken cancellationToken)
   --- End of inner exception stack trace ---
   at System.Net.Http.HttpConnectionPool.ConnectToTcpHostAsync(String host, Int32 port, HttpRequestMessage initialRequest, Boolean async, CancellationToken cancellationToken)
   at System.Net.Http.HttpConnectionPool.ConnectAsync(HttpRequestMessage request, Boolean async, CancellationToken cancellationToken)
   at System.Net.Http.HttpConnectionPool.CreateHttp11ConnectionAsync(HttpRequestMessage request, Boolean async, CancellationToken cancellationToken)
   at System.Net.Http.HttpConnectionPool.AddHttp11ConnectionAsync(QueueItem queueItem)
   at System.Threading.Tasks.TaskCompletionSourceWithCancellation`1.WaitWithCancellationAsync(CancellationToken cancellationToken)
   at System.Net.Http.HttpConnectionPool.SendWithVersionDetectionAndRetryAsync(HttpRequestMessage request, Boolean async, Boolean doRequestAuth, CancellationToken cancellationToken)
   at System.Net.Http.DiagnosticsHandler.SendAsyncCore(HttpRequestMessage request, Boolean async, CancellationToken cancellationToken)
   at System.Net.Http.RedirectHandler.SendAsync(HttpRequestMessage request, Boolean async, CancellationToken cancellationToken)
   at System.Net.Http.HttpClient.<SendAsync>g__Core|83_0(HttpRequestMessage request, HttpCompletionOption completionOption, CancellationTokenSource cts, Boolean disposeCts, CancellationTokenSource pendingRequestsCts, CancellationToken originalCancellationToken)
   at Microsoft.IdentityModel.Protocols.HttpDocumentRetriever.SendAsyncAndRetryOnNetworkError(HttpClient httpClient, Uri uri)
   at Microsoft.IdentityModel.Protocols.HttpDocumentRetriever.GetDocumentAsync(String address, CancellationToken cancel)
   --- End of inner exception stack trace ---
   at Microsoft.IdentityModel.Protocols.HttpDocumentRetriever.GetDocumentAsync(String address, CancellationToken cancel)
   at Microsoft.IdentityModel.Protocols.OpenIdConnect.OpenIdConnectConfigurationRetriever.GetAsync(String address, IDocumentRetriever retriever, CancellationToken cancel)
   at Microsoft.IdentityModel.Protocols.ConfigurationManager`1.GetConfigurationAsync(CancellationToken cancel)'.
 ---> System.IO.IOException: IDX20804: Unable to retrieve document from: '[PII of type 'System.String' is hidden. For more details, see https://aka.ms/IdentityModel/PII.]'.
 ---> System.Net.Http.HttpRequestException: No connection could be made because the target machine actively refused it. (localhost:8080)
 ---> System.Net.Sockets.SocketException (10061): No connection could be made because the target machine actively refused it.
   at System.Net.Sockets.Socket.AwaitableSocketAsyncEventArgs.ThrowException(SocketError error, CancellationToken cancellationToken)
   at System.Net.Sockets.Socket.AwaitableSocketAsyncEventArgs.System.Threading.Tasks.Sources.IValueTaskSource.GetResult(Int16 token)
   at System.Net.Sockets.Socket.<ConnectAsync>g__WaitForConnectWithCancellation|285_0(AwaitableSocketAsyncEventArgs saea, ValueTask connectTask, CancellationToken cancellationToken)
   at System.Net.Http.HttpConnectionPool.ConnectToTcpHostAsync(String host, Int32 port, HttpRequestMessage initialRequest, Boolean async, CancellationToken cancellationToken)
   --- End of inner exception stack trace ---
   at System.Net.Http.HttpConnectionPool.ConnectToTcpHostAsync(String host, Int32 port, HttpRequestMessage initialRequest, Boolean async, CancellationToken cancellationToken)
   at System.Net.Http.HttpConnectionPool.ConnectAsync(HttpRequestMessage request, Boolean async, CancellationToken cancellationToken)
   at System.Net.Http.HttpConnectionPool.CreateHttp11ConnectionAsync(HttpRequestMessage request, Boolean async, CancellationToken cancellationToken)
   at System.Net.Http.HttpConnectionPool.AddHttp11ConnectionAsync(QueueItem queueItem)
   at System.Threading.Tasks.TaskCompletionSourceWithCancellation`1.WaitWithCancellationAsync(CancellationToken cancellationToken)
   at System.Net.Http.HttpConnectionPool.SendWithVersionDetectionAndRetryAsync(HttpRequestMessage request, Boolean async, Boolean doRequestAuth, CancellationToken cancellationToken)
   at System.Net.Http.DiagnosticsHandler.SendAsyncCore(HttpRequestMessage request, Boolean async, CancellationToken cancellationToken)
   at System.Net.Http.RedirectHandler.SendAsync(HttpRequestMessage request, Boolean async, CancellationToken cancellationToken)
   at System.Net.Http.HttpClient.<SendAsync>g__Core|83_0(HttpRequestMessage request, HttpCompletionOption completionOption, CancellationTokenSource cts, Boolean disposeCts, CancellationTokenSource pendingRequestsCts, CancellationToken originalCancellationToken)
   at Microsoft.IdentityModel.Protocols.HttpDocumentRetriever.SendAsyncAndRetryOnNetworkError(HttpClient httpClient, Uri uri)
   at Microsoft.IdentityModel.Protocols.HttpDocumentRetriever.GetDocumentAsync(String address, CancellationToken cancel)
   --- End of inner exception stack trace ---
   at Microsoft.IdentityModel.Protocols.HttpDocumentRetriever.GetDocumentAsync(String address, CancellationToken cancel)
   at Microsoft.IdentityModel.Protocols.OpenIdConnect.OpenIdConnectConfigurationRetriever.GetAsync(String address, IDocumentRetriever retriever, CancellationToken cancel)
   at Microsoft.IdentityModel.Protocols.ConfigurationManager`1.GetConfigurationAsync(CancellationToken cancel)
   --- End of inner exception stack trace ---
   at Microsoft.IdentityModel.Protocols.ConfigurationManager`1.GetConfigurationAsync(CancellationToken cancel)
   at Microsoft.AspNetCore.Authentication.OpenIdConnect.OpenIdConnectHandler.HandleChallengeAsyncInternal(AuthenticationProperties properties)
   at Microsoft.AspNetCore.Authentication.OpenIdConnect.OpenIdConnectHandler.HandleChallengeAsync(AuthenticationProperties properties)
   at Microsoft.AspNetCore.Authentication.AuthenticationHandler`1.ChallengeAsync(AuthenticationProperties properties)
   at Microsoft.AspNetCore.Authentication.AuthenticationService.ChallengeAsync(HttpContext context, String scheme, AuthenticationProperties properties)
   at Microsoft.AspNetCore.Authorization.Policy.AuthorizationMiddlewareResultHandler.<>c__DisplayClass0_0.<<HandleAsync>g__Handle|0>d.MoveNext()
--- End of stack trace from previous location ---
   at Microsoft.AspNetCore.Authorization.AuthorizationMiddleware.Invoke(HttpContext context)
   at Microsoft.AspNetCore.Authentication.AuthenticationMiddleware.Invoke(HttpContext context)
   at Microsoft.AspNetCore.Diagnostics.DeveloperExceptionPageMiddlewareImpl.Invoke(HttpContext context)
2025-05-08 13:55:29.362 +03:30 [INF] Request finished HTTP/2 GET https://localhost:7023/ - 500 null text/html; charset=utf-8 4157.0439ms
2025-05-08 13:55:29.374 +03:30 [INF] Request starting HTTP/2 GET https://localhost:7023/_framework/aspnetcore-browser-refresh.js - null null
2025-05-08 13:55:29.374 +03:30 [INF] Request starting HTTP/2 GET https://localhost:7023/_vs/browserLink - null null
2025-05-08 13:55:29.378 +03:30 [INF] Request finished HTTP/2 GET https://localhost:7023/_framework/aspnetcore-browser-refresh.js - 200 16529 application/javascript; charset=utf-8 4.38ms
2025-05-08 13:55:29.387 +03:30 [INF] Request finished HTTP/2 GET https://localhost:7023/_vs/browserLink - 200 null text/javascript; charset=UTF-8 12.7461ms
2025-05-08 13:55:29.396 +03:30 [INF] Request starting HTTP/2 GET https://localhost:7023/favicon.ico - null null
2025-05-08 13:55:29.401 +03:30 [INF] Sending file. Request path: '/favicon.ico'. Physical path: 'D:\Asrin Pakzad\AnimalSystem-DDD-Keycloak\AnimalIdentifier.WebUI\wwwroot\favicon.ico'
2025-05-08 13:55:29.403 +03:30 [INF] Request finished HTTP/2 GET https://localhost:7023/favicon.ico - 200 5430 image/x-icon 6.2028ms
2025-05-08 13:56:21.570 +03:30 [INF] Request starting HTTP/2 GET https://localhost:7023/ - null null
2025-05-08 13:56:21.577 +03:30 [INF] Authorization failed. These requirements were not met:
DenyAnonymousAuthorizationRequirement: Requires an authenticated user.
2025-05-08 13:56:21.693 +03:30 [INF] AuthenticationScheme: OpenIdConnect was challenged.
2025-05-08 13:56:21.697 +03:30 [INF] Request finished HTTP/2 GET https://localhost:7023/ - 302 0 null 126.8708ms
2025-05-08 13:56:43.955 +03:30 [INF] Request starting HTTP/2 POST https://localhost:7023/signin-oidc - application/x-www-form-urlencoded 620
2025-05-08 13:56:44.048 +03:30 [INF] AuthenticationScheme: Cookies signed in.
2025-05-08 13:56:44.049 +03:30 [INF] Request finished HTTP/2 POST https://localhost:7023/signin-oidc - 302 0 null 94.8381ms
2025-05-08 13:56:44.052 +03:30 [INF] Request starting HTTP/2 GET https://localhost:7023/ - null null
2025-05-08 13:56:44.060 +03:30 [INF] Executing endpoint 'AnimalIdentifier.WebUI.Controllers.HomeController.Index (AnimalIdentifier.WebUI)'
2025-05-08 13:56:44.075 +03:30 [INF] Route matched with {action = "Index", controller = "Home"}. Executing controller action with signature System.Threading.Tasks.Task`1[Microsoft.AspNetCore.Mvc.IActionResult] Index() on controller AnimalIdentifier.WebUI.Controllers.HomeController (AnimalIdentifier.WebUI).
2025-05-08 13:56:44.166 +03:30 [INF] Executing SignOutResult with authentication schemes (["OpenIdConnect","Cookies"]).
2025-05-08 13:56:44.172 +03:30 [INF] AuthenticationScheme: OpenIdConnect signed out.
2025-05-08 13:56:44.174 +03:30 [INF] AuthenticationScheme: Cookies signed out.
2025-05-08 13:56:44.177 +03:30 [INF] Executed action AnimalIdentifier.WebUI.Controllers.HomeController.Index (AnimalIdentifier.WebUI) in 95.3572ms
2025-05-08 13:56:44.178 +03:30 [INF] Executed endpoint 'AnimalIdentifier.WebUI.Controllers.HomeController.Index (AnimalIdentifier.WebUI)'
2025-05-08 13:56:44.179 +03:30 [INF] Request finished HTTP/2 GET https://localhost:7023/ - 302 0 null 126.6556ms
2025-05-08 13:56:44.196 +03:30 [INF] Request starting HTTP/2 GET https://localhost:7023/signout-callback-oidc?state=CfDJ8JQyvP6gemRMogPZtIpfOy2Lu7YD1WEWsaXNsXXfASulphLU0RyOTVbKG6DSx3qzPqHAEMQE77VGKTtSSWlpwec-B5cTqtQUoeWj3wrsZfP_iKk_dXXU01UFdyCcZ70btjP-uPDRV4hMsyrsLfu7JIQW2HOO9x3sQMxNvQQyXf6s - null null
2025-05-08 13:56:44.201 +03:30 [INF] Request finished HTTP/2 GET https://localhost:7023/signout-callback-oidc?state=CfDJ8JQyvP6gemRMogPZtIpfOy2Lu7YD1WEWsaXNsXXfASulphLU0RyOTVbKG6DSx3qzPqHAEMQE77VGKTtSSWlpwec-B5cTqtQUoeWj3wrsZfP_iKk_dXXU01UFdyCcZ70btjP-uPDRV4hMsyrsLfu7JIQW2HOO9x3sQMxNvQQyXf6s - 302 0 null 5.074ms
2025-05-08 13:56:44.202 +03:30 [INF] Request starting HTTP/2 GET https://localhost:7023/ - null null
2025-05-08 13:56:44.213 +03:30 [INF] Authorization failed. These requirements were not met:
DenyAnonymousAuthorizationRequirement: Requires an authenticated user.
2025-05-08 13:56:44.216 +03:30 [INF] AuthenticationScheme: OpenIdConnect was challenged.
2025-05-08 13:56:44.218 +03:30 [INF] Request finished HTTP/2 GET https://localhost:7023/ - 302 0 null 15.1886ms
2025-05-08 13:56:55.317 +03:30 [INF] Request starting HTTP/2 POST https://localhost:7023/signin-oidc - application/x-www-form-urlencoded 620
2025-05-08 13:56:55.346 +03:30 [INF] AuthenticationScheme: Cookies signed in.
2025-05-08 13:56:55.347 +03:30 [INF] Request finished HTTP/2 POST https://localhost:7023/signin-oidc - 302 0 null 30.2021ms
2025-05-08 13:56:55.350 +03:30 [INF] Request starting HTTP/2 GET https://localhost:7023/ - null null
2025-05-08 13:56:55.354 +03:30 [INF] Executing endpoint 'AnimalIdentifier.WebUI.Controllers.HomeController.Index (AnimalIdentifier.WebUI)'
2025-05-08 13:56:55.355 +03:30 [INF] Route matched with {action = "Index", controller = "Home"}. Executing controller action with signature System.Threading.Tasks.Task`1[Microsoft.AspNetCore.Mvc.IActionResult] Index() on controller AnimalIdentifier.WebUI.Controllers.HomeController (AnimalIdentifier.WebUI).
2025-05-08 13:56:55.365 +03:30 [INF] Executing SignOutResult with authentication schemes (["OpenIdConnect","Cookies"]).
2025-05-08 13:56:55.367 +03:30 [INF] AuthenticationScheme: OpenIdConnect signed out.
2025-05-08 13:56:55.368 +03:30 [INF] AuthenticationScheme: Cookies signed out.
2025-05-08 13:56:55.368 +03:30 [INF] Executed action AnimalIdentifier.WebUI.Controllers.HomeController.Index (AnimalIdentifier.WebUI) in 11.9087ms
2025-05-08 13:56:55.369 +03:30 [INF] Executed endpoint 'AnimalIdentifier.WebUI.Controllers.HomeController.Index (AnimalIdentifier.WebUI)'
2025-05-08 13:56:55.370 +03:30 [INF] Request finished HTTP/2 GET https://localhost:7023/ - 302 0 null 20.2066ms
2025-05-08 13:56:55.380 +03:30 [INF] Request starting HTTP/2 GET https://localhost:7023/signout-callback-oidc?state=CfDJ8JQyvP6gemRMogPZtIpfOy13fPGFLX1zw5nfnkuqQLW-HoDCTx63gebpX4v3mpSoIOZXVkQbj91eqDRCz3MSB2wCH2HVKQOHpjcumHATaj6BXUcxm-NBw3FcDL-A3YnylpG01Y3HbjJi4bnmU79lV4De8JTN4JQKpokv-i3sSito - null null
2025-05-08 13:56:55.383 +03:30 [INF] Request finished HTTP/2 GET https://localhost:7023/signout-callback-oidc?state=CfDJ8JQyvP6gemRMogPZtIpfOy13fPGFLX1zw5nfnkuqQLW-HoDCTx63gebpX4v3mpSoIOZXVkQbj91eqDRCz3MSB2wCH2HVKQOHpjcumHATaj6BXUcxm-NBw3FcDL-A3YnylpG01Y3HbjJi4bnmU79lV4De8JTN4JQKpokv-i3sSito - 302 0 null 3.0088ms
2025-05-08 13:56:55.384 +03:30 [INF] Request starting HTTP/2 GET https://localhost:7023/ - null null
2025-05-08 13:56:55.388 +03:30 [INF] Authorization failed. These requirements were not met:
DenyAnonymousAuthorizationRequirement: Requires an authenticated user.
2025-05-08 13:56:55.389 +03:30 [INF] AuthenticationScheme: OpenIdConnect was challenged.
2025-05-08 13:56:55.390 +03:30 [INF] Request finished HTTP/2 GET https://localhost:7023/ - 302 0 null 6.1156ms
