2025-05-11 10:36:46.846 +03:30 [INF] User profile is available. Using 'C:\Users\ghand\AppData\Local\ASP.NET\DataProtection-Keys' as key repository and Windows DPAPI to encrypt keys at rest.
2025-05-11 10:36:46.932 +03:30 [INF] Now listening on: https://localhost:7023
2025-05-11 10:36:46.934 +03:30 [INF] Now listening on: http://localhost:5212
2025-05-11 10:36:46.962 +03:30 [INF] Application started. Press Ctrl+C to shut down.
2025-05-11 10:36:46.964 +03:30 [INF] Hosting environment: Development
2025-05-11 10:36:46.965 +03:30 [INF] Content root path: D:\Asrin Pakzad\AnimalSystem-DDD-Keycloak\AnimalIdentifier.WebUI
2025-05-11 10:36:47.512 +03:30 [INF] Request starting HTTP/2 GET https://localhost:7023/ - null null
2025-05-11 10:36:48.115 +03:30 [INF] Authorization failed. These requirements were not met:
DenyAnonymousAuthorizationRequirement: Requires an authenticated user.
2025-05-11 10:36:48.465 +03:30 [INF] AuthenticationScheme: OpenIdConnect was challenged.
2025-05-11 10:36:48.470 +03:30 [INF] Request finished HTTP/2 GET https://localhost:7023/ - 302 0 null 958.4207ms
2025-05-11 10:37:01.415 +03:30 [INF] Request starting HTTP/2 POST https://localhost:7023/signin-oidc - application/x-www-form-urlencoded 620
2025-05-11 10:37:01.604 +03:30 [INF] AuthenticationScheme: Cookies signed in.
2025-05-11 10:37:01.606 +03:30 [INF] Request finished HTTP/2 POST https://localhost:7023/signin-oidc - 302 0 null 191.2059ms
2025-05-11 10:37:01.611 +03:30 [INF] Request starting HTTP/2 GET https://localhost:7023/ - null null
2025-05-11 10:37:01.617 +03:30 [INF] Executing endpoint 'AnimalIdentifier.WebUI.Controllers.HomeController.Index (AnimalIdentifier.WebUI)'
2025-05-11 10:37:01.635 +03:30 [INF] Route matched with {action = "Index", controller = "Home"}. Executing controller action with signature System.Threading.Tasks.Task`1[Microsoft.AspNetCore.Mvc.IActionResult] Index() on controller AnimalIdentifier.WebUI.Controllers.HomeController (AnimalIdentifier.WebUI).
2025-05-11 10:37:03.644 +03:30 [INF] Executing ViewResult, running view Index.
2025-05-11 10:37:03.696 +03:30 [INF] Executed ViewResult - view Index executed in 52.2596ms.
2025-05-11 10:37:03.699 +03:30 [INF] Executed action AnimalIdentifier.WebUI.Controllers.HomeController.Index (AnimalIdentifier.WebUI) in 2056.388ms
2025-05-11 10:37:03.701 +03:30 [INF] Executed endpoint 'AnimalIdentifier.WebUI.Controllers.HomeController.Index (AnimalIdentifier.WebUI)'
2025-05-11 10:37:03.701 +03:30 [INF] Request starting HTTP/2 GET https://localhost:7023/lib/bootstrap/dist/css/bootstrap.min.css - null null
2025-05-11 10:37:03.702 +03:30 [INF] Request starting HTTP/2 GET https://localhost:7023/css/site.css?v=pAGv4ietcJNk_EwsQZ5BN9-K4MuNYS2a9wl4Jw-q9D0 - null null
2025-05-11 10:37:03.702 +03:30 [INF] Request starting HTTP/2 GET https://localhost:7023/AnimalIdentifier.WebUI.styles.css?v=HobThfNjAoyrNYU0dYHyu4WfvzD0ayVzXEfBL3syWK8 - null null
2025-05-11 10:37:03.703 +03:30 [INF] Request starting HTTP/2 GET https://localhost:7023/lib/jquery/dist/jquery.min.js - null null
2025-05-11 10:37:03.703 +03:30 [INF] Request starting HTTP/2 GET https://localhost:7023/lib/bootstrap/dist/js/bootstrap.bundle.min.js - null null
2025-05-11 10:37:03.704 +03:30 [INF] Request starting HTTP/2 GET https://localhost:7023/Sweetalert2/sweetalert2.min.css - null null
2025-05-11 10:37:03.704 +03:30 [INF] Request finished HTTP/2 GET https://localhost:7023/ - 200 null text/html; charset=utf-8 2093.3969ms
2025-05-11 10:37:03.704 +03:30 [INF] Request starting HTTP/2 GET https://localhost:7023/js/site.js?v=hRQyftXiu1lLX2P9Ly9xa4gHJgLeR1uGN5qegUobtGo - null null
2025-05-11 10:37:03.704 +03:30 [INF] Request starting HTTP/2 GET https://localhost:7023/Sweetalert2/sweetalert2.min.js - null null
2025-05-11 10:37:03.705 +03:30 [INF] Request starting HTTP/2 GET https://localhost:7023/_vs/browserLink - null null
2025-05-11 10:37:03.706 +03:30 [INF] Request starting HTTP/2 GET https://localhost:7023/_framework/aspnetcore-browser-refresh.js - null null
2025-05-11 10:37:03.712 +03:30 [INF] Sending file. Request path: '/lib/bootstrap/dist/css/bootstrap.min.css'. Physical path: 'D:\Asrin Pakzad\AnimalSystem-DDD-Keycloak\AnimalIdentifier.WebUI\wwwroot\lib\bootstrap\dist\css\bootstrap.min.css'
2025-05-11 10:37:03.712 +03:30 [INF] Sending file. Request path: '/css/site.css'. Physical path: 'D:\Asrin Pakzad\AnimalSystem-DDD-Keycloak\AnimalIdentifier.WebUI\wwwroot\css\site.css'
2025-05-11 10:37:03.712 +03:30 [INF] Sending file. Request path: '/AnimalIdentifier.WebUI.styles.css'. Physical path: 'D:\Asrin Pakzad\AnimalSystem-DDD-Keycloak\AnimalIdentifier.WebUI\obj\Debug\net8.0\scopedcss\bundle\AnimalIdentifier.WebUI.styles.css'
2025-05-11 10:37:03.714 +03:30 [INF] Sending file. Request path: '/lib/jquery/dist/jquery.min.js'. Physical path: 'D:\Asrin Pakzad\AnimalSystem-DDD-Keycloak\AnimalIdentifier.WebUI\wwwroot\lib\jquery\dist\jquery.min.js'
2025-05-11 10:37:03.717 +03:30 [INF] Sending file. Request path: '/lib/bootstrap/dist/js/bootstrap.bundle.min.js'. Physical path: 'D:\Asrin Pakzad\AnimalSystem-DDD-Keycloak\AnimalIdentifier.WebUI\wwwroot\lib\bootstrap\dist\js\bootstrap.bundle.min.js'
2025-05-11 10:37:03.719 +03:30 [INF] Sending file. Request path: '/Sweetalert2/sweetalert2.min.css'. Physical path: 'D:\Asrin Pakzad\AnimalSystem-DDD-Keycloak\AnimalIdentifier.WebUI\wwwroot\Sweetalert2\sweetalert2.min.css'
2025-05-11 10:37:03.724 +03:30 [INF] Sending file. Request path: '/js/site.js'. Physical path: 'D:\Asrin Pakzad\AnimalSystem-DDD-Keycloak\AnimalIdentifier.WebUI\wwwroot\js\site.js'
2025-05-11 10:37:03.727 +03:30 [INF] Sending file. Request path: '/Sweetalert2/sweetalert2.min.js'. Physical path: 'D:\Asrin Pakzad\AnimalSystem-DDD-Keycloak\AnimalIdentifier.WebUI\wwwroot\Sweetalert2\sweetalert2.min.js'
2025-05-11 10:37:03.732 +03:30 [INF] Request finished HTTP/2 GET https://localhost:7023/lib/bootstrap/dist/css/bootstrap.min.css - 200 162726 text/css 30.3714ms
2025-05-11 10:37:03.732 +03:30 [INF] Request finished HTTP/2 GET https://localhost:7023/_framework/aspnetcore-browser-refresh.js - 200 16529 application/javascript; charset=utf-8 26.2106ms
2025-05-11 10:37:03.733 +03:30 [INF] Request finished HTTP/2 GET https://localhost:7023/css/site.css?v=pAGv4ietcJNk_EwsQZ5BN9-K4MuNYS2a9wl4Jw-q9D0 - 200 362 text/css 31.242ms
2025-05-11 10:37:03.734 +03:30 [INF] Request finished HTTP/2 GET https://localhost:7023/AnimalIdentifier.WebUI.styles.css?v=HobThfNjAoyrNYU0dYHyu4WfvzD0ayVzXEfBL3syWK8 - 200 1140 text/css 32.2492ms
2025-05-11 10:37:03.735 +03:30 [INF] Request finished HTTP/2 GET https://localhost:7023/lib/jquery/dist/jquery.min.js - 200 89503 text/javascript 32.8453ms
2025-05-11 10:37:03.737 +03:30 [INF] Request finished HTTP/2 GET https://localhost:7023/lib/bootstrap/dist/js/bootstrap.bundle.min.js - 200 78474 text/javascript 33.1135ms
2025-05-11 10:37:03.738 +03:30 [INF] Request finished HTTP/2 GET https://localhost:7023/Sweetalert2/sweetalert2.min.css - 200 29195 text/css 33.7758ms
2025-05-11 10:37:03.739 +03:30 [INF] Request finished HTTP/2 GET https://localhost:7023/js/site.js?v=hRQyftXiu1lLX2P9Ly9xa4gHJgLeR1uGN5qegUobtGo - 200 231 text/javascript 34.5761ms
2025-05-11 10:37:03.740 +03:30 [INF] Request finished HTTP/2 GET https://localhost:7023/Sweetalert2/sweetalert2.min.js - 200 39981 text/javascript 35.6648ms
2025-05-11 10:37:03.743 +03:30 [INF] Request finished HTTP/2 GET https://localhost:7023/_vs/browserLink - 200 null text/javascript; charset=UTF-8 37.4116ms
2025-05-11 10:37:09.840 +03:30 [INF] Request starting HTTP/2 POST https://localhost:7023/Home/GetById - application/json 10
2025-05-11 10:37:09.846 +03:30 [INF] Executing endpoint 'AnimalIdentifier.WebUI.Controllers.HomeController.GetById (AnimalIdentifier.WebUI)'
2025-05-11 10:37:09.852 +03:30 [INF] Route matched with {action = "GetById", controller = "Home"}. Executing controller action with signature System.Threading.Tasks.Task`1[Microsoft.AspNetCore.Mvc.IActionResult] GetById(AnimalIdentifier.Application.Animals.ViewModels.DisplayAnimalDto) on controller AnimalIdentifier.WebUI.Controllers.HomeController (AnimalIdentifier.WebUI).
2025-05-11 10:37:09.965 +03:30 [INF] Executing JsonResult, writing value of type '<>f__AnonymousType0`3[[System.Boolean, System.Private.CoreLib, Version=8.0.0.0, Culture=neutral, PublicKeyToken=7cec85d7bea7798e],[System.String, System.Private.CoreLib, Version=8.0.0.0, Culture=neutral, PublicKeyToken=7cec85d7bea7798e],[System.String, System.Private.CoreLib, Version=8.0.0.0, Culture=neutral, PublicKeyToken=7cec85d7bea7798e]]'.
2025-05-11 10:37:09.971 +03:30 [INF] Executed action AnimalIdentifier.WebUI.Controllers.HomeController.GetById (AnimalIdentifier.WebUI) in 117.9773ms
2025-05-11 10:37:09.972 +03:30 [INF] Executed endpoint 'AnimalIdentifier.WebUI.Controllers.HomeController.GetById (AnimalIdentifier.WebUI)'
2025-05-11 10:37:09.974 +03:30 [INF] Request finished HTTP/2 POST https://localhost:7023/Home/GetById - 200 null application/json; charset=utf-8 134.2924ms
2025-05-11 10:37:11.004 +03:30 [INF] Request starting HTTP/2 GET https://localhost:7023/ - null null
2025-05-11 10:37:11.009 +03:30 [INF] Executing endpoint 'AnimalIdentifier.WebUI.Controllers.HomeController.Index (AnimalIdentifier.WebUI)'
2025-05-11 10:37:11.010 +03:30 [INF] Route matched with {action = "Index", controller = "Home"}. Executing controller action with signature System.Threading.Tasks.Task`1[Microsoft.AspNetCore.Mvc.IActionResult] Index() on controller AnimalIdentifier.WebUI.Controllers.HomeController (AnimalIdentifier.WebUI).
2025-05-11 10:37:11.058 +03:30 [INF] Executing ViewResult, running view Index.
2025-05-11 10:37:11.062 +03:30 [INF] Executed ViewResult - view Index executed in 4.2893ms.
2025-05-11 10:37:11.063 +03:30 [INF] Executed action AnimalIdentifier.WebUI.Controllers.HomeController.Index (AnimalIdentifier.WebUI) in 51.4337ms
2025-05-11 10:37:11.064 +03:30 [INF] Executed endpoint 'AnimalIdentifier.WebUI.Controllers.HomeController.Index (AnimalIdentifier.WebUI)'
2025-05-11 10:37:11.066 +03:30 [INF] Request finished HTTP/2 GET https://localhost:7023/ - 200 null text/html; charset=utf-8 61.9193ms
2025-05-11 10:37:11.075 +03:30 [INF] Request starting HTTP/2 GET https://localhost:7023/AnimalIdentifier.WebUI.styles.css?v=HobThfNjAoyrNYU0dYHyu4WfvzD0ayVzXEfBL3syWK8 - null null
2025-05-11 10:37:11.076 +03:30 [INF] Request starting HTTP/2 GET https://localhost:7023/_framework/aspnetcore-browser-refresh.js - null null
2025-05-11 10:37:11.076 +03:30 [INF] Request starting HTTP/2 GET https://localhost:7023/_vs/browserLink - null null
2025-05-11 10:37:11.080 +03:30 [INF] The file /AnimalIdentifier.WebUI.styles.css was not modified
2025-05-11 10:37:11.082 +03:30 [INF] Request finished HTTP/2 GET https://localhost:7023/_framework/aspnetcore-browser-refresh.js - 200 16529 application/javascript; charset=utf-8 6.5335ms
2025-05-11 10:37:11.085 +03:30 [INF] Request finished HTTP/2 GET https://localhost:7023/AnimalIdentifier.WebUI.styles.css?v=HobThfNjAoyrNYU0dYHyu4WfvzD0ayVzXEfBL3syWK8 - 304 null text/css 10.1093ms
2025-05-11 10:37:11.090 +03:30 [INF] Request finished HTTP/2 GET https://localhost:7023/_vs/browserLink - 200 null text/javascript; charset=UTF-8 14.3909ms
2025-05-11 10:37:11.101 +03:30 [INF] Request starting HTTP/2 GET https://localhost:7023/favicon.ico - null null
2025-05-11 10:37:11.104 +03:30 [INF] Sending file. Request path: '/favicon.ico'. Physical path: 'D:\Asrin Pakzad\AnimalSystem-DDD-Keycloak\AnimalIdentifier.WebUI\wwwroot\favicon.ico'
2025-05-11 10:37:11.105 +03:30 [INF] Request finished HTTP/2 GET https://localhost:7023/favicon.ico - 200 5430 image/x-icon 3.9006ms
2025-05-11 10:37:20.319 +03:30 [INF] User profile is available. Using 'C:\Users\ghand\AppData\Local\ASP.NET\DataProtection-Keys' as key repository and Windows DPAPI to encrypt keys at rest.
2025-05-11 10:37:20.425 +03:30 [INF] Now listening on: https://localhost:7023
2025-05-11 10:37:20.426 +03:30 [INF] Now listening on: http://localhost:5212
2025-05-11 10:37:20.457 +03:30 [INF] Application started. Press Ctrl+C to shut down.
2025-05-11 10:37:20.458 +03:30 [INF] Hosting environment: Development
2025-05-11 10:37:20.459 +03:30 [INF] Content root path: D:\Asrin Pakzad\AnimalSystem-DDD-Keycloak\AnimalIdentifier.WebUI
2025-05-11 10:37:20.978 +03:30 [INF] Request starting HTTP/2 GET https://localhost:7023/ - null null
2025-05-11 10:37:21.096 +03:30 [INF] Executing endpoint 'AnimalIdentifier.WebUI.Controllers.HomeController.Index (AnimalIdentifier.WebUI)'
2025-05-11 10:37:21.112 +03:30 [INF] Route matched with {action = "Index", controller = "Home"}. Executing controller action with signature System.Threading.Tasks.Task`1[Microsoft.AspNetCore.Mvc.IActionResult] Index() on controller AnimalIdentifier.WebUI.Controllers.HomeController (AnimalIdentifier.WebUI).
2025-05-11 10:37:21.830 +03:30 [INF] Executing ViewResult, running view Index.
2025-05-11 10:37:21.877 +03:30 [INF] Executed ViewResult - view Index executed in 48.1063ms.
2025-05-11 10:37:21.881 +03:30 [INF] Executed action AnimalIdentifier.WebUI.Controllers.HomeController.Index (AnimalIdentifier.WebUI) in 766.8204ms
2025-05-11 10:37:21.883 +03:30 [INF] Executed endpoint 'AnimalIdentifier.WebUI.Controllers.HomeController.Index (AnimalIdentifier.WebUI)'
2025-05-11 10:37:21.886 +03:30 [INF] Request finished HTTP/2 GET https://localhost:7023/ - 200 null text/html; charset=utf-8 908.993ms
2025-05-11 10:37:21.900 +03:30 [INF] Request starting HTTP/2 GET https://localhost:7023/AnimalIdentifier.WebUI.styles.css?v=HobThfNjAoyrNYU0dYHyu4WfvzD0ayVzXEfBL3syWK8 - null null
2025-05-11 10:37:21.901 +03:30 [INF] Request starting HTTP/2 GET https://localhost:7023/_vs/browserLink - null null
2025-05-11 10:37:21.902 +03:30 [INF] Request starting HTTP/2 GET https://localhost:7023/_framework/aspnetcore-browser-refresh.js - null null
2025-05-11 10:37:21.905 +03:30 [INF] The file /AnimalIdentifier.WebUI.styles.css was not modified
2025-05-11 10:37:21.913 +03:30 [INF] Request finished HTTP/2 GET https://localhost:7023/AnimalIdentifier.WebUI.styles.css?v=HobThfNjAoyrNYU0dYHyu4WfvzD0ayVzXEfBL3syWK8 - 304 null text/css 13.109ms
2025-05-11 10:37:21.916 +03:30 [INF] Request finished HTTP/2 GET https://localhost:7023/_framework/aspnetcore-browser-refresh.js - 200 16529 application/javascript; charset=utf-8 13.6815ms
2025-05-11 10:37:21.932 +03:30 [INF] Request finished HTTP/2 GET https://localhost:7023/_vs/browserLink - 200 null text/javascript; charset=UTF-8 31.1639ms
2025-05-11 10:38:18.043 +03:30 [INF] User profile is available. Using 'C:\Users\ghand\AppData\Local\ASP.NET\DataProtection-Keys' as key repository and Windows DPAPI to encrypt keys at rest.
2025-05-11 10:38:18.132 +03:30 [INF] Now listening on: https://localhost:7023
2025-05-11 10:38:18.134 +03:30 [INF] Now listening on: http://localhost:5212
2025-05-11 10:38:18.161 +03:30 [INF] Application started. Press Ctrl+C to shut down.
2025-05-11 10:38:18.162 +03:30 [INF] Hosting environment: Development
2025-05-11 10:38:18.163 +03:30 [INF] Content root path: D:\Asrin Pakzad\AnimalSystem-DDD-Keycloak\AnimalIdentifier.WebUI
2025-05-11 10:38:24.944 +03:30 [INF] User profile is available. Using 'C:\Users\ghand\AppData\Local\ASP.NET\DataProtection-Keys' as key repository and Windows DPAPI to encrypt keys at rest.
2025-05-11 10:38:25.045 +03:30 [INF] Now listening on: https://localhost:7023
2025-05-11 10:38:25.046 +03:30 [INF] Now listening on: http://localhost:5212
2025-05-11 10:38:25.076 +03:30 [INF] Application started. Press Ctrl+C to shut down.
2025-05-11 10:38:25.077 +03:30 [INF] Hosting environment: Development
2025-05-11 10:38:25.084 +03:30 [INF] Content root path: D:\Asrin Pakzad\AnimalSystem-DDD-Keycloak\AnimalIdentifier.WebUI
2025-05-11 10:39:09.147 +03:30 [INF] Request starting HTTP/2 GET https://localhost:7023/ - null null
2025-05-11 10:39:09.734 +03:30 [INF] Executing endpoint 'AnimalIdentifier.WebUI.Controllers.HomeController.Index (AnimalIdentifier.WebUI)'
2025-05-11 10:39:09.748 +03:30 [INF] Route matched with {action = "Index", controller = "Home"}. Executing controller action with signature System.Threading.Tasks.Task`1[Microsoft.AspNetCore.Mvc.IActionResult] Index() on controller AnimalIdentifier.WebUI.Controllers.HomeController (AnimalIdentifier.WebUI).
2025-05-11 10:39:11.658 +03:30 [INF] Executing ViewResult, running view Index.
2025-05-11 10:39:11.705 +03:30 [INF] Executed ViewResult - view Index executed in 48.8454ms.
2025-05-11 10:39:11.711 +03:30 [INF] Executed action AnimalIdentifier.WebUI.Controllers.HomeController.Index (AnimalIdentifier.WebUI) in 1962.0474ms
2025-05-11 10:39:11.712 +03:30 [INF] Request starting HTTP/2 GET https://localhost:7023/AnimalIdentifier.WebUI.styles.css?v=HobThfNjAoyrNYU0dYHyu4WfvzD0ayVzXEfBL3syWK8 - null null
2025-05-11 10:39:11.713 +03:30 [INF] Executed endpoint 'AnimalIdentifier.WebUI.Controllers.HomeController.Index (AnimalIdentifier.WebUI)'
2025-05-11 10:39:11.719 +03:30 [INF] Request finished HTTP/2 GET https://localhost:7023/ - 200 null text/html; charset=utf-8 2572.7663ms
2025-05-11 10:39:11.721 +03:30 [INF] Sending file. Request path: '/AnimalIdentifier.WebUI.styles.css'. Physical path: 'D:\Asrin Pakzad\AnimalSystem-DDD-Keycloak\AnimalIdentifier.WebUI\obj\Debug\net8.0\scopedcss\bundle\AnimalIdentifier.WebUI.styles.css'
2025-05-11 10:39:11.728 +03:30 [INF] Request finished HTTP/2 GET https://localhost:7023/AnimalIdentifier.WebUI.styles.css?v=HobThfNjAoyrNYU0dYHyu4WfvzD0ayVzXEfBL3syWK8 - 200 1140 text/css 15.9266ms
2025-05-11 10:39:11.744 +03:30 [INF] Request starting HTTP/2 GET https://localhost:7023/_framework/aspnetcore-browser-refresh.js - null null
2025-05-11 10:39:11.749 +03:30 [INF] Request finished HTTP/2 GET https://localhost:7023/_framework/aspnetcore-browser-refresh.js - 200 16529 application/javascript; charset=utf-8 4.5678ms
2025-05-11 10:39:11.753 +03:30 [INF] Request starting HTTP/2 GET https://localhost:7023/_vs/browserLink - null null
2025-05-11 10:39:11.770 +03:30 [INF] Request finished HTTP/2 GET https://localhost:7023/_vs/browserLink - 200 null text/javascript; charset=UTF-8 17.7469ms
2025-05-11 10:41:47.647 +03:30 [INF] User profile is available. Using 'C:\Users\ghand\AppData\Local\ASP.NET\DataProtection-Keys' as key repository and Windows DPAPI to encrypt keys at rest.
2025-05-11 10:41:47.736 +03:30 [INF] Now listening on: https://localhost:7023
2025-05-11 10:41:47.740 +03:30 [INF] Now listening on: http://localhost:5212
2025-05-11 10:41:47.768 +03:30 [INF] Application started. Press Ctrl+C to shut down.
2025-05-11 10:41:47.769 +03:30 [INF] Hosting environment: Development
2025-05-11 10:41:47.769 +03:30 [INF] Content root path: D:\Asrin Pakzad\AnimalSystem-DDD-Keycloak\AnimalIdentifier.WebUI
2025-05-11 10:41:57.962 +03:30 [INF] User profile is available. Using 'C:\Users\ghand\AppData\Local\ASP.NET\DataProtection-Keys' as key repository and Windows DPAPI to encrypt keys at rest.
2025-05-11 10:41:58.062 +03:30 [INF] Now listening on: https://localhost:7023
2025-05-11 10:41:58.063 +03:30 [INF] Now listening on: http://localhost:5212
2025-05-11 10:41:58.094 +03:30 [INF] Application started. Press Ctrl+C to shut down.
2025-05-11 10:41:58.095 +03:30 [INF] Hosting environment: Development
2025-05-11 10:41:58.096 +03:30 [INF] Content root path: D:\Asrin Pakzad\AnimalSystem-DDD-Keycloak\AnimalIdentifier.WebUI
2025-05-11 11:13:59.478 +03:30 [INF] User profile is available. Using 'C:\Users\ghand\AppData\Local\ASP.NET\DataProtection-Keys' as key repository and Windows DPAPI to encrypt keys at rest.
2025-05-11 11:13:59.578 +03:30 [INF] Now listening on: https://localhost:7023
2025-05-11 11:13:59.579 +03:30 [INF] Now listening on: http://localhost:5212
2025-05-11 11:13:59.609 +03:30 [INF] Application started. Press Ctrl+C to shut down.
2025-05-11 11:13:59.611 +03:30 [INF] Hosting environment: Development
2025-05-11 11:13:59.612 +03:30 [INF] Content root path: D:\Asrin Pakzad\AnimalSystem-DDD-Keycloak\AnimalIdentifier.WebUI
2025-05-11 11:14:01.826 +03:30 [INF] User profile is available. Using 'C:\Users\ghand\AppData\Local\ASP.NET\DataProtection-Keys' as key repository and Windows DPAPI to encrypt keys at rest.
2025-05-11 11:14:01.926 +03:30 [INF] Now listening on: https://localhost:7023
2025-05-11 11:14:01.928 +03:30 [INF] Now listening on: http://localhost:5212
2025-05-11 11:14:01.959 +03:30 [INF] Application started. Press Ctrl+C to shut down.
2025-05-11 11:14:01.961 +03:30 [INF] Hosting environment: Development
2025-05-11 11:14:01.962 +03:30 [INF] Content root path: D:\Asrin Pakzad\AnimalSystem-DDD-Keycloak\AnimalIdentifier.WebUI
2025-05-11 11:14:09.359 +03:30 [INF] User profile is available. Using 'C:\Users\ghand\AppData\Local\ASP.NET\DataProtection-Keys' as key repository and Windows DPAPI to encrypt keys at rest.
2025-05-11 11:14:09.464 +03:30 [INF] Now listening on: https://localhost:7023
2025-05-11 11:14:09.470 +03:30 [INF] Now listening on: http://localhost:5212
2025-05-11 11:14:09.503 +03:30 [INF] Application started. Press Ctrl+C to shut down.
2025-05-11 11:14:09.505 +03:30 [INF] Hosting environment: Development
2025-05-11 11:14:09.506 +03:30 [INF] Content root path: D:\Asrin Pakzad\AnimalSystem-DDD-Keycloak\AnimalIdentifier.WebUI
2025-05-11 11:18:04.853 +03:30 [INF] User profile is available. Using 'C:\Users\ghand\AppData\Local\ASP.NET\DataProtection-Keys' as key repository and Windows DPAPI to encrypt keys at rest.
2025-05-11 11:18:04.939 +03:30 [INF] Now listening on: https://localhost:7023
2025-05-11 11:18:04.941 +03:30 [INF] Now listening on: http://localhost:5212
2025-05-11 11:18:04.970 +03:30 [INF] Application started. Press Ctrl+C to shut down.
2025-05-11 11:18:04.973 +03:30 [INF] Hosting environment: Development
2025-05-11 11:18:04.974 +03:30 [INF] Content root path: D:\Asrin Pakzad\AnimalSystem-DDD-Keycloak\AnimalIdentifier.WebUI
2025-05-11 11:18:13.254 +03:30 [INF] User profile is available. Using 'C:\Users\ghand\AppData\Local\ASP.NET\DataProtection-Keys' as key repository and Windows DPAPI to encrypt keys at rest.
2025-05-11 11:18:13.357 +03:30 [INF] Now listening on: https://localhost:7023
2025-05-11 11:18:13.359 +03:30 [INF] Now listening on: http://localhost:5212
2025-05-11 11:18:13.388 +03:30 [INF] Application started. Press Ctrl+C to shut down.
2025-05-11 11:18:13.390 +03:30 [INF] Hosting environment: Development
2025-05-11 11:18:13.391 +03:30 [INF] Content root path: D:\Asrin Pakzad\AnimalSystem-DDD-Keycloak\AnimalIdentifier.WebUI
2025-05-11 11:52:16.012 +03:30 [INF] Request starting HTTP/2 GET https://localhost:7023/ - null null
2025-05-11 11:52:16.668 +03:30 [INF] Authorization failed. These requirements were not met:
DenyAnonymousAuthorizationRequirement: Requires an authenticated user.
2025-05-11 11:52:16.754 +03:30 [INF] AuthenticationScheme: OpenIdConnect was challenged.
2025-05-11 11:52:16.756 +03:30 [INF] Request finished HTTP/2 GET https://localhost:7023/ - 302 0 null 745.7784ms
2025-05-11 11:52:23.738 +03:30 [INF] Request starting HTTP/2 POST https://localhost:7023/signin-oidc - application/x-www-form-urlencoded 620
2025-05-11 11:52:23.849 +03:30 [INF] AuthenticationScheme: Cookies signed in.
2025-05-11 11:52:23.851 +03:30 [INF] Request finished HTTP/2 POST https://localhost:7023/signin-oidc - 302 0 null 112.9888ms
2025-05-11 11:52:23.857 +03:30 [INF] Request starting HTTP/2 GET https://localhost:7023/ - null null
2025-05-11 11:52:23.865 +03:30 [INF] Executing endpoint 'AnimalIdentifier.WebUI.Controllers.HomeController.Index (AnimalIdentifier.WebUI)'
2025-05-11 11:52:23.889 +03:30 [INF] Route matched with {action = "Index", controller = "Home"}. Executing controller action with signature System.Threading.Tasks.Task`1[Microsoft.AspNetCore.Mvc.IActionResult] Index() on controller AnimalIdentifier.WebUI.Controllers.HomeController (AnimalIdentifier.WebUI).
2025-05-11 11:52:26.275 +03:30 [INF] Executing ViewResult, running view Index.
2025-05-11 11:52:26.340 +03:30 [INF] Executed ViewResult - view Index executed in 63.7131ms.
2025-05-11 11:52:26.342 +03:30 [INF] Request starting HTTP/2 GET https://localhost:7023/AnimalIdentifier.WebUI.styles.css?v=HobThfNjAoyrNYU0dYHyu4WfvzD0ayVzXEfBL3syWK8 - null null
2025-05-11 11:52:26.344 +03:30 [INF] Request starting HTTP/2 GET https://localhost:7023/_framework/aspnetcore-browser-refresh.js - null null
2025-05-11 11:52:26.344 +03:30 [INF] Request starting HTTP/2 GET https://localhost:7023/_vs/browserLink - null null
2025-05-11 11:52:26.345 +03:30 [INF] Executed action AnimalIdentifier.WebUI.Controllers.HomeController.Index (AnimalIdentifier.WebUI) in 2452.8983ms
2025-05-11 11:52:26.352 +03:30 [INF] Request finished HTTP/2 GET https://localhost:7023/_framework/aspnetcore-browser-refresh.js - 200 16529 application/javascript; charset=utf-8 7.8278ms
2025-05-11 11:52:26.354 +03:30 [INF] Sending file. Request path: '/AnimalIdentifier.WebUI.styles.css'. Physical path: 'D:\Asrin Pakzad\AnimalSystem-DDD-Keycloak\AnimalIdentifier.WebUI\obj\Debug\net8.0\scopedcss\bundle\AnimalIdentifier.WebUI.styles.css'
2025-05-11 11:52:26.355 +03:30 [INF] Executed endpoint 'AnimalIdentifier.WebUI.Controllers.HomeController.Index (AnimalIdentifier.WebUI)'
2025-05-11 11:52:26.363 +03:30 [INF] Request finished HTTP/2 GET https://localhost:7023/AnimalIdentifier.WebUI.styles.css?v=HobThfNjAoyrNYU0dYHyu4WfvzD0ayVzXEfBL3syWK8 - 200 1140 text/css 21.2362ms
2025-05-11 11:52:26.366 +03:30 [INF] Request finished HTTP/2 GET https://localhost:7023/ - 200 null text/html; charset=utf-8 2508.8632ms
2025-05-11 11:52:26.379 +03:30 [INF] Request finished HTTP/2 GET https://localhost:7023/_vs/browserLink - 200 null text/javascript; charset=UTF-8 34.1213ms
2025-05-11 12:18:19.105 +03:30 [INF] User profile is available. Using 'C:\Users\ghand\AppData\Local\ASP.NET\DataProtection-Keys' as key repository and Windows DPAPI to encrypt keys at rest.
2025-05-11 12:18:19.194 +03:30 [INF] Now listening on: https://localhost:7023
2025-05-11 12:18:19.195 +03:30 [INF] Now listening on: http://localhost:5212
2025-05-11 12:18:19.224 +03:30 [INF] Application started. Press Ctrl+C to shut down.
2025-05-11 12:18:19.225 +03:30 [INF] Hosting environment: Development
2025-05-11 12:18:19.225 +03:30 [INF] Content root path: D:\Asrin Pakzad\AnimalSystem-DDD-Keycloak\AnimalIdentifier.WebUI
2025-05-11 12:18:19.740 +03:30 [INF] Request starting HTTP/2 GET https://localhost:7023/ - null null
2025-05-11 12:18:19.804 +03:30 [INF] Executing endpoint 'AnimalIdentifier.WebUI.Controllers.HomeController.Index (AnimalIdentifier.WebUI)'
2025-05-11 12:18:19.824 +03:30 [INF] Route matched with {action = "Index", controller = "Home"}. Executing controller action with signature System.Threading.Tasks.Task`1[Microsoft.AspNetCore.Mvc.IActionResult] Index() on controller AnimalIdentifier.WebUI.Controllers.HomeController (AnimalIdentifier.WebUI).
2025-05-11 12:18:19.927 +03:30 [INF] Executing SignOutResult with authentication schemes (["OpenIdConnect","Cookies"]).
2025-05-11 12:18:19.975 +03:30 [INF] AuthenticationScheme: OpenIdConnect signed out.
2025-05-11 12:18:19.978 +03:30 [INF] AuthenticationScheme: Cookies signed out.
2025-05-11 12:18:19.982 +03:30 [INF] Executed action AnimalIdentifier.WebUI.Controllers.HomeController.Index (AnimalIdentifier.WebUI) in 153.2351ms
2025-05-11 12:18:19.985 +03:30 [INF] Executed endpoint 'AnimalIdentifier.WebUI.Controllers.HomeController.Index (AnimalIdentifier.WebUI)'
2025-05-11 12:18:19.988 +03:30 [INF] Request finished HTTP/2 GET https://localhost:7023/ - 302 0 null 249.6652ms
2025-05-11 12:18:20.010 +03:30 [INF] Request starting HTTP/2 GET https://localhost:7023/signout-callback-oidc?state=CfDJ8JQyvP6gemRMogPZtIpfOy1xL2b_61h2KphfccmO3gxIy7JzmD4AmXZ8nWwp7mhkIZOxN3KPgFzuZlseQ3zi4qpK2giHZ0GLvN9tGKMvV9DwHLLvrUh5RPkVIBUy9i8nLUT4KaIJ3i00Q5Vs3HgClr0Q_khwGF9h4qr8x0966HtB - null null
2025-05-11 12:18:20.017 +03:30 [INF] Request finished HTTP/2 GET https://localhost:7023/signout-callback-oidc?state=CfDJ8JQyvP6gemRMogPZtIpfOy1xL2b_61h2KphfccmO3gxIy7JzmD4AmXZ8nWwp7mhkIZOxN3KPgFzuZlseQ3zi4qpK2giHZ0GLvN9tGKMvV9DwHLLvrUh5RPkVIBUy9i8nLUT4KaIJ3i00Q5Vs3HgClr0Q_khwGF9h4qr8x0966HtB - 302 0 null 7.7995ms
2025-05-11 12:18:20.019 +03:30 [INF] Request starting HTTP/2 GET https://localhost:7023/ - null null
2025-05-11 12:18:20.025 +03:30 [INF] Authorization failed. These requirements were not met:
DenyAnonymousAuthorizationRequirement: Requires an authenticated user.
2025-05-11 12:18:20.029 +03:30 [INF] AuthenticationScheme: OpenIdConnect was challenged.
2025-05-11 12:18:20.030 +03:30 [INF] Request finished HTTP/2 GET https://localhost:7023/ - 302 0 null 10.6938ms
2025-05-11 12:18:31.719 +03:30 [INF] Request starting HTTP/2 POST https://localhost:7023/signin-oidc - application/x-www-form-urlencoded 620
2025-05-11 12:18:31.790 +03:30 [INF] AuthenticationScheme: Cookies signed in.
2025-05-11 12:18:31.792 +03:30 [INF] Request finished HTTP/2 POST https://localhost:7023/signin-oidc - 302 0 null 73.4266ms
2025-05-11 12:18:31.795 +03:30 [INF] Request starting HTTP/2 GET https://localhost:7023/ - null null
2025-05-11 12:18:31.800 +03:30 [INF] Executing endpoint 'AnimalIdentifier.WebUI.Controllers.HomeController.Index (AnimalIdentifier.WebUI)'
2025-05-11 12:18:31.801 +03:30 [INF] Route matched with {action = "Index", controller = "Home"}. Executing controller action with signature System.Threading.Tasks.Task`1[Microsoft.AspNetCore.Mvc.IActionResult] Index() on controller AnimalIdentifier.WebUI.Controllers.HomeController (AnimalIdentifier.WebUI).
2025-05-11 12:18:32.473 +03:30 [INF] Executing ViewResult, running view Index.
2025-05-11 12:18:32.525 +03:30 [INF] Executed ViewResult - view Index executed in 53.8333ms.
2025-05-11 12:18:32.528 +03:30 [INF] Executed action AnimalIdentifier.WebUI.Controllers.HomeController.Index (AnimalIdentifier.WebUI) in 725.268ms
2025-05-11 12:18:32.529 +03:30 [INF] Executed endpoint 'AnimalIdentifier.WebUI.Controllers.HomeController.Index (AnimalIdentifier.WebUI)'
2025-05-11 12:18:32.532 +03:30 [INF] Request finished HTTP/2 GET https://localhost:7023/ - 200 null text/html; charset=utf-8 736.6316ms
2025-05-11 12:18:32.533 +03:30 [INF] Request starting HTTP/2 GET https://localhost:7023/AnimalIdentifier.WebUI.styles.css?v=HobThfNjAoyrNYU0dYHyu4WfvzD0ayVzXEfBL3syWK8 - null null
2025-05-11 12:18:32.537 +03:30 [INF] Request starting HTTP/2 GET https://localhost:7023/_vs/browserLink - null null
2025-05-11 12:18:32.538 +03:30 [INF] Request starting HTTP/2 GET https://localhost:7023/_framework/aspnetcore-browser-refresh.js - null null
2025-05-11 12:18:32.541 +03:30 [INF] The file /AnimalIdentifier.WebUI.styles.css was not modified
2025-05-11 12:18:32.545 +03:30 [INF] Request finished HTTP/2 GET https://localhost:7023/AnimalIdentifier.WebUI.styles.css?v=HobThfNjAoyrNYU0dYHyu4WfvzD0ayVzXEfBL3syWK8 - 304 null text/css 11.9406ms
2025-05-11 12:18:32.545 +03:30 [INF] Request finished HTTP/2 GET https://localhost:7023/_framework/aspnetcore-browser-refresh.js - 200 16529 application/javascript; charset=utf-8 7.8184ms
2025-05-11 12:18:32.556 +03:30 [INF] Request finished HTTP/2 GET https://localhost:7023/_vs/browserLink - 200 null text/javascript; charset=UTF-8 18.4224ms
2025-05-11 12:18:35.281 +03:30 [INF] Request starting HTTP/2 POST https://localhost:7023/Home/GetById - application/json 10
2025-05-11 12:18:35.288 +03:30 [INF] Executing endpoint 'AnimalIdentifier.WebUI.Controllers.HomeController.GetById (AnimalIdentifier.WebUI)'
2025-05-11 12:18:35.295 +03:30 [INF] Route matched with {action = "GetById", controller = "Home"}. Executing controller action with signature System.Threading.Tasks.Task`1[Microsoft.AspNetCore.Mvc.IActionResult] GetById(AnimalIdentifier.Application.Animals.ViewModels.DisplayAnimalDto) on controller AnimalIdentifier.WebUI.Controllers.HomeController (AnimalIdentifier.WebUI).
2025-05-11 12:18:35.404 +03:30 [INF] Executing JsonResult, writing value of type '<>f__AnonymousType0`3[[System.Boolean, System.Private.CoreLib, Version=8.0.0.0, Culture=neutral, PublicKeyToken=7cec85d7bea7798e],[System.String, System.Private.CoreLib, Version=8.0.0.0, Culture=neutral, PublicKeyToken=7cec85d7bea7798e],[System.String, System.Private.CoreLib, Version=8.0.0.0, Culture=neutral, PublicKeyToken=7cec85d7bea7798e]]'.
2025-05-11 12:18:35.410 +03:30 [INF] Executed action AnimalIdentifier.WebUI.Controllers.HomeController.GetById (AnimalIdentifier.WebUI) in 113.1014ms
2025-05-11 12:18:35.413 +03:30 [INF] Executed endpoint 'AnimalIdentifier.WebUI.Controllers.HomeController.GetById (AnimalIdentifier.WebUI)'
2025-05-11 12:18:35.414 +03:30 [INF] Request finished HTTP/2 POST https://localhost:7023/Home/GetById - 200 null application/json; charset=utf-8 132.9134ms
2025-05-11 12:18:37.502 +03:30 [INF] Request starting HTTP/2 GET https://localhost:7023/ - null null
2025-05-11 12:18:37.509 +03:30 [INF] Executing endpoint 'AnimalIdentifier.WebUI.Controllers.HomeController.Index (AnimalIdentifier.WebUI)'
2025-05-11 12:18:37.511 +03:30 [INF] Route matched with {action = "Index", controller = "Home"}. Executing controller action with signature System.Threading.Tasks.Task`1[Microsoft.AspNetCore.Mvc.IActionResult] Index() on controller AnimalIdentifier.WebUI.Controllers.HomeController (AnimalIdentifier.WebUI).
2025-05-11 12:18:37.557 +03:30 [INF] Executing ViewResult, running view Index.
2025-05-11 12:18:37.561 +03:30 [INF] Executed ViewResult - view Index executed in 3.7546ms.
2025-05-11 12:18:37.564 +03:30 [INF] Executed action AnimalIdentifier.WebUI.Controllers.HomeController.Index (AnimalIdentifier.WebUI) in 50.777ms
2025-05-11 12:18:37.566 +03:30 [INF] Executed endpoint 'AnimalIdentifier.WebUI.Controllers.HomeController.Index (AnimalIdentifier.WebUI)'
2025-05-11 12:18:37.568 +03:30 [INF] Request finished HTTP/2 GET https://localhost:7023/ - 200 null text/html; charset=utf-8 65.3277ms
2025-05-11 12:18:37.571 +03:30 [INF] Request starting HTTP/2 GET https://localhost:7023/_vs/browserLink - null null
2025-05-11 12:18:37.571 +03:30 [INF] Request starting HTTP/2 GET https://localhost:7023/_framework/aspnetcore-browser-refresh.js - null null
2025-05-11 12:18:37.579 +03:30 [INF] Request finished HTTP/2 GET https://localhost:7023/_framework/aspnetcore-browser-refresh.js - 200 16529 application/javascript; charset=utf-8 8.3516ms
2025-05-11 12:18:37.582 +03:30 [INF] Request finished HTTP/2 GET https://localhost:7023/_vs/browserLink - 200 null text/javascript; charset=UTF-8 10.9684ms
2025-05-11 12:18:40.465 +03:30 [INF] Request starting HTTP/2 POST https://localhost:7023/Home/GetById - application/json 10
2025-05-11 12:18:40.470 +03:30 [INF] Executing endpoint 'AnimalIdentifier.WebUI.Controllers.HomeController.GetById (AnimalIdentifier.WebUI)'
2025-05-11 12:18:40.473 +03:30 [INF] Route matched with {action = "GetById", controller = "Home"}. Executing controller action with signature System.Threading.Tasks.Task`1[Microsoft.AspNetCore.Mvc.IActionResult] GetById(AnimalIdentifier.Application.Animals.ViewModels.DisplayAnimalDto) on controller AnimalIdentifier.WebUI.Controllers.HomeController (AnimalIdentifier.WebUI).
2025-05-11 12:18:40.487 +03:30 [INF] Executing JsonResult, writing value of type '<>f__AnonymousType0`3[[System.Boolean, System.Private.CoreLib, Version=8.0.0.0, Culture=neutral, PublicKeyToken=7cec85d7bea7798e],[System.String, System.Private.CoreLib, Version=8.0.0.0, Culture=neutral, PublicKeyToken=7cec85d7bea7798e],[System.String, System.Private.CoreLib, Version=8.0.0.0, Culture=neutral, PublicKeyToken=7cec85d7bea7798e]]'.
2025-05-11 12:18:40.489 +03:30 [INF] Executed action AnimalIdentifier.WebUI.Controllers.HomeController.GetById (AnimalIdentifier.WebUI) in 13.8758ms
2025-05-11 12:18:40.490 +03:30 [INF] Executed endpoint 'AnimalIdentifier.WebUI.Controllers.HomeController.GetById (AnimalIdentifier.WebUI)'
2025-05-11 12:18:40.491 +03:30 [INF] Request finished HTTP/2 POST https://localhost:7023/Home/GetById - 200 null application/json; charset=utf-8 26.0402ms
2025-05-11 12:18:42.387 +03:30 [INF] Request starting HTTP/2 GET https://localhost:7023/ - null null
2025-05-11 12:18:42.392 +03:30 [INF] Executing endpoint 'AnimalIdentifier.WebUI.Controllers.HomeController.Index (AnimalIdentifier.WebUI)'
2025-05-11 12:18:42.394 +03:30 [INF] Route matched with {action = "Index", controller = "Home"}. Executing controller action with signature System.Threading.Tasks.Task`1[Microsoft.AspNetCore.Mvc.IActionResult] Index() on controller AnimalIdentifier.WebUI.Controllers.HomeController (AnimalIdentifier.WebUI).
2025-05-11 12:18:42.403 +03:30 [INF] Executing ViewResult, running view Index.
2025-05-11 12:18:42.406 +03:30 [INF] Executed ViewResult - view Index executed in 3.1386ms.
2025-05-11 12:18:42.407 +03:30 [INF] Executed action AnimalIdentifier.WebUI.Controllers.HomeController.Index (AnimalIdentifier.WebUI) in 12.311ms
2025-05-11 12:18:42.409 +03:30 [INF] Executed endpoint 'AnimalIdentifier.WebUI.Controllers.HomeController.Index (AnimalIdentifier.WebUI)'
2025-05-11 12:18:42.411 +03:30 [INF] Request finished HTTP/2 GET https://localhost:7023/ - 200 null text/html; charset=utf-8 23.5401ms
2025-05-11 12:18:42.416 +03:30 [INF] Request starting HTTP/2 GET https://localhost:7023/_vs/browserLink - null null
2025-05-11 12:18:42.416 +03:30 [INF] Request starting HTTP/2 GET https://localhost:7023/_framework/aspnetcore-browser-refresh.js - null null
2025-05-11 12:18:42.422 +03:30 [INF] Request finished HTTP/2 GET https://localhost:7023/_vs/browserLink - 200 null text/javascript; charset=UTF-8 5.9875ms
2025-05-11 12:18:42.425 +03:30 [INF] Request finished HTTP/2 GET https://localhost:7023/_framework/aspnetcore-browser-refresh.js - 200 16529 application/javascript; charset=utf-8 9.2514ms
2025-05-11 12:18:47.634 +03:30 [INF] Request starting HTTP/2 POST https://localhost:7023/Home/Edit - application/json 29
2025-05-11 12:18:47.640 +03:30 [INF] Executing endpoint 'AnimalIdentifier.WebUI.Controllers.HomeController.Edit (AnimalIdentifier.WebUI)'
2025-05-11 12:18:47.644 +03:30 [INF] Route matched with {action = "Edit", controller = "Home"}. Executing controller action with signature System.Threading.Tasks.Task`1[Microsoft.AspNetCore.Mvc.IActionResult] Edit(AnimalIdentifier.Application.Animals.ViewModels.AnimalDto) on controller AnimalIdentifier.WebUI.Controllers.HomeController (AnimalIdentifier.WebUI).
2025-05-11 12:18:47.729 +03:30 [INF] Executing JsonResult, writing value of type '<>f__AnonymousType1`2[[System.Boolean, System.Private.CoreLib, Version=8.0.0.0, Culture=neutral, PublicKeyToken=7cec85d7bea7798e],[System.String, System.Private.CoreLib, Version=8.0.0.0, Culture=neutral, PublicKeyToken=7cec85d7bea7798e]]'.
2025-05-11 12:18:47.731 +03:30 [INF] Executed action AnimalIdentifier.WebUI.Controllers.HomeController.Edit (AnimalIdentifier.WebUI) in 84.9662ms
2025-05-11 12:18:47.732 +03:30 [INF] Executed endpoint 'AnimalIdentifier.WebUI.Controllers.HomeController.Edit (AnimalIdentifier.WebUI)'
2025-05-11 12:18:47.733 +03:30 [INF] Request finished HTTP/2 POST https://localhost:7023/Home/Edit - 200 null application/json; charset=utf-8 98.8308ms
2025-05-11 12:18:49.693 +03:30 [INF] Request starting HTTP/2 GET https://localhost:7023/ - null null
2025-05-11 12:18:49.697 +03:30 [INF] Executing endpoint 'AnimalIdentifier.WebUI.Controllers.HomeController.Index (AnimalIdentifier.WebUI)'
2025-05-11 12:18:49.698 +03:30 [INF] Route matched with {action = "Index", controller = "Home"}. Executing controller action with signature System.Threading.Tasks.Task`1[Microsoft.AspNetCore.Mvc.IActionResult] Index() on controller AnimalIdentifier.WebUI.Controllers.HomeController (AnimalIdentifier.WebUI).
2025-05-11 12:18:49.708 +03:30 [INF] Executing ViewResult, running view Index.
2025-05-11 12:18:49.710 +03:30 [INF] Executed ViewResult - view Index executed in 2.0152ms.
2025-05-11 12:18:49.711 +03:30 [INF] Executed action AnimalIdentifier.WebUI.Controllers.HomeController.Index (AnimalIdentifier.WebUI) in 11.5279ms
2025-05-11 12:18:49.713 +03:30 [INF] Executed endpoint 'AnimalIdentifier.WebUI.Controllers.HomeController.Index (AnimalIdentifier.WebUI)'
2025-05-11 12:18:49.714 +03:30 [INF] Request finished HTTP/2 GET https://localhost:7023/ - 200 null text/html; charset=utf-8 21.6628ms
2025-05-11 12:18:49.718 +03:30 [INF] Request starting HTTP/2 GET https://localhost:7023/_vs/browserLink - null null
2025-05-11 12:18:49.719 +03:30 [INF] Request starting HTTP/2 GET https://localhost:7023/_framework/aspnetcore-browser-refresh.js - null null
2025-05-11 12:18:49.725 +03:30 [INF] Request finished HTTP/2 GET https://localhost:7023/_vs/browserLink - 200 null text/javascript; charset=UTF-8 6.1164ms
2025-05-11 12:18:49.725 +03:30 [INF] Request finished HTTP/2 GET https://localhost:7023/_framework/aspnetcore-browser-refresh.js - 200 16529 application/javascript; charset=utf-8 6.7272ms
2025-05-11 12:18:56.490 +03:30 [INF] Request starting HTTP/2 POST https://localhost:7023/Home/Edit - application/json 28
2025-05-11 12:18:56.495 +03:30 [INF] Executing endpoint 'AnimalIdentifier.WebUI.Controllers.HomeController.Edit (AnimalIdentifier.WebUI)'
2025-05-11 12:18:56.496 +03:30 [INF] Route matched with {action = "Edit", controller = "Home"}. Executing controller action with signature System.Threading.Tasks.Task`1[Microsoft.AspNetCore.Mvc.IActionResult] Edit(AnimalIdentifier.Application.Animals.ViewModels.AnimalDto) on controller AnimalIdentifier.WebUI.Controllers.HomeController (AnimalIdentifier.WebUI).
2025-05-11 12:18:56.515 +03:30 [INF] Executing JsonResult, writing value of type '<>f__AnonymousType1`2[[System.Boolean, System.Private.CoreLib, Version=8.0.0.0, Culture=neutral, PublicKeyToken=7cec85d7bea7798e],[System.String, System.Private.CoreLib, Version=8.0.0.0, Culture=neutral, PublicKeyToken=7cec85d7bea7798e]]'.
2025-05-11 12:18:56.516 +03:30 [INF] Executed action AnimalIdentifier.WebUI.Controllers.HomeController.Edit (AnimalIdentifier.WebUI) in 17.7526ms
2025-05-11 12:18:56.517 +03:30 [INF] Executed endpoint 'AnimalIdentifier.WebUI.Controllers.HomeController.Edit (AnimalIdentifier.WebUI)'
2025-05-11 12:18:56.518 +03:30 [INF] Request finished HTTP/2 POST https://localhost:7023/Home/Edit - 200 null application/json; charset=utf-8 28.456ms
2025-05-11 12:18:58.062 +03:30 [INF] Request starting HTTP/2 GET https://localhost:7023/ - null null
2025-05-11 12:18:58.068 +03:30 [INF] Executing endpoint 'AnimalIdentifier.WebUI.Controllers.HomeController.Index (AnimalIdentifier.WebUI)'
2025-05-11 12:18:58.069 +03:30 [INF] Route matched with {action = "Index", controller = "Home"}. Executing controller action with signature System.Threading.Tasks.Task`1[Microsoft.AspNetCore.Mvc.IActionResult] Index() on controller AnimalIdentifier.WebUI.Controllers.HomeController (AnimalIdentifier.WebUI).
2025-05-11 12:18:58.079 +03:30 [INF] Executing ViewResult, running view Index.
2025-05-11 12:18:58.081 +03:30 [INF] Executed ViewResult - view Index executed in 1.6867ms.
2025-05-11 12:18:58.082 +03:30 [INF] Executed action AnimalIdentifier.WebUI.Controllers.HomeController.Index (AnimalIdentifier.WebUI) in 9.8667ms
2025-05-11 12:18:58.083 +03:30 [INF] Executed endpoint 'AnimalIdentifier.WebUI.Controllers.HomeController.Index (AnimalIdentifier.WebUI)'
2025-05-11 12:18:58.085 +03:30 [INF] Request finished HTTP/2 GET https://localhost:7023/ - 200 null text/html; charset=utf-8 22.1387ms
2025-05-11 12:18:58.092 +03:30 [INF] Request starting HTTP/2 GET https://localhost:7023/_vs/browserLink - null null
2025-05-11 12:18:58.095 +03:30 [INF] Request starting HTTP/2 GET https://localhost:7023/_framework/aspnetcore-browser-refresh.js - null null
2025-05-11 12:18:58.098 +03:30 [INF] Request finished HTTP/2 GET https://localhost:7023/_vs/browserLink - 200 null text/javascript; charset=UTF-8 5.4774ms
2025-05-11 12:18:58.099 +03:30 [INF] Request finished HTTP/2 GET https://localhost:7023/_framework/aspnetcore-browser-refresh.js - 200 16529 application/javascript; charset=utf-8 4.2708ms
2025-05-11 12:19:00.485 +03:30 [INF] Request starting HTTP/2 GET https://localhost:7023/ - null null
2025-05-11 12:19:00.491 +03:30 [INF] Executing endpoint 'AnimalIdentifier.WebUI.Controllers.HomeController.Index (AnimalIdentifier.WebUI)'
2025-05-11 12:19:00.492 +03:30 [INF] Route matched with {action = "Index", controller = "Home"}. Executing controller action with signature System.Threading.Tasks.Task`1[Microsoft.AspNetCore.Mvc.IActionResult] Index() on controller AnimalIdentifier.WebUI.Controllers.HomeController (AnimalIdentifier.WebUI).
2025-05-11 12:19:00.501 +03:30 [INF] Executing ViewResult, running view Index.
2025-05-11 12:19:00.502 +03:30 [INF] Executed ViewResult - view Index executed in 1.6326ms.
2025-05-11 12:19:00.504 +03:30 [INF] Executed action AnimalIdentifier.WebUI.Controllers.HomeController.Index (AnimalIdentifier.WebUI) in 9.8326ms
2025-05-11 12:19:00.507 +03:30 [INF] Executed endpoint 'AnimalIdentifier.WebUI.Controllers.HomeController.Index (AnimalIdentifier.WebUI)'
2025-05-11 12:19:00.509 +03:30 [INF] Request finished HTTP/2 GET https://localhost:7023/ - 200 null text/html; charset=utf-8 24.2666ms
2025-05-11 12:19:00.514 +03:30 [INF] Request starting HTTP/2 GET https://localhost:7023/_vs/browserLink - null null
2025-05-11 12:19:00.515 +03:30 [INF] Request starting HTTP/2 GET https://localhost:7023/_framework/aspnetcore-browser-refresh.js - null null
2025-05-11 12:19:00.520 +03:30 [INF] Request finished HTTP/2 GET https://localhost:7023/_vs/browserLink - 200 null text/javascript; charset=UTF-8 5.8163ms
2025-05-11 12:19:00.521 +03:30 [INF] Request finished HTTP/2 GET https://localhost:7023/_framework/aspnetcore-browser-refresh.js - 200 16529 application/javascript; charset=utf-8 5.8286ms
